Using pre-set license
Built from '2021.3/staging' branch; Version is '2021.3.22f1 (b6c551784ba3) revision 11978065'; Using compiler version '192829333'; Build Type 'Release'
OS: 'Windows 10  (10.0.19045) 64bit Professional' Language: 'ru' Physical Memory: 32690 MB
BatchMode: 1, IsHumanControllingUs: 0, StartBugReporterOnCrash: 0, Is64bit: 1, IsPro: 1

COMMAND LINE ARGUMENTS:
A:\Unity\2021.3.22f1\Editor\Unity.exe
-adb2
-batchMode
-noUpm
-name
AssetImportWorker7
-projectPath
D:/Unity репозиторий/Learning/Bloodshot
-logFile
Logs/AssetImportWorker7.log
-srvPort
7908
Successfully changed project path to: D:/Unity репозиторий/Learning/Bloodshot
D:/Unity репозиторий/Learning/Bloodshot
[UnityMemory] Configuration Parameters - Can be set up in boot.config
    "memorysetup-bucket-allocator-granularity=16"
    "memorysetup-bucket-allocator-bucket-count=8"
    "memorysetup-bucket-allocator-block-size=33554432"
    "memorysetup-bucket-allocator-block-count=8"
    "memorysetup-main-allocator-block-size=16777216"
    "memorysetup-thread-allocator-block-size=16777216"
    "memorysetup-gfx-main-allocator-block-size=16777216"
    "memorysetup-gfx-thread-allocator-block-size=16777216"
    "memorysetup-cache-allocator-block-size=4194304"
    "memorysetup-typetree-allocator-block-size=2097152"
    "memorysetup-profiler-bucket-allocator-granularity=16"
    "memorysetup-profiler-bucket-allocator-bucket-count=8"
    "memorysetup-profiler-bucket-allocator-block-size=33554432"
    "memorysetup-profiler-bucket-allocator-block-count=8"
    "memorysetup-profiler-allocator-block-size=16777216"
    "memorysetup-profiler-editor-allocator-block-size=1048576"
    "memorysetup-temp-allocator-size-main=16777216"
    "memorysetup-job-temp-allocator-block-size=2097152"
    "memorysetup-job-temp-allocator-block-size-background=1048576"
    "memorysetup-job-temp-allocator-reduction-small-platforms=262144"
    "memorysetup-temp-allocator-size-background-worker=32768"
    "memorysetup-temp-allocator-size-job-worker=262144"
    "memorysetup-temp-allocator-size-preload-manager=33554432"
    "memorysetup-temp-allocator-size-nav-mesh-worker=65536"
    "memorysetup-temp-allocator-size-audio-worker=65536"
    "memorysetup-temp-allocator-size-cloud-worker=32768"
    "memorysetup-temp-allocator-size-gi-baking-worker=262144"
    "memorysetup-temp-allocator-size-gfx=262144"
Player connection [23672] Host "[IP] 192.168.1.5 [Port] 0 [Flags] 2 [Guid] 3884228775 [EditorId] 3884228775 [Version] 1048832 [Id] WindowsEditor(7,DESKTOP-4VOLOPP) [Debug] 1 [PackageName] WindowsEditor [ProjectName] Editor" joined multi-casting on [225.0.0.222:54997]...

Player connection [23672] Host "[IP] 192.168.1.5 [Port] 0 [Flags] 2 [Guid] 3884228775 [EditorId] 3884228775 [Version] 1048832 [Id] WindowsEditor(7,DESKTOP-4VOLOPP) [Debug] 1 [PackageName] WindowsEditor [ProjectName] Editor" joined alternative multi-casting on [225.0.0.222:34997]...

Refreshing native plugins compatible for Editor in 75.06 ms, found 4 plugins.
Preloading 0 native plugins for Editor in 0.00 ms.
Initialize engine version: 2021.3.22f1 (b6c551784ba3)
[Subsystems] Discovering subsystems at path A:/Unity/2021.3.22f1/Editor/Data/Resources/UnitySubsystems
[Subsystems] Discovering subsystems at path D:/Unity репозиторий/Learning/Bloodshot/Assets
GfxDevice: creating device client; threaded=0; jobified=0
Direct3D:
    Version:  Direct3D 11.0 [level 11.1]
    Renderer: NVIDIA GeForce RTX 3060 (ID=0x2504)
    Vendor:   NVIDIA
    VRAM:     12129 MB
    Driver:   31.0.15.3141
Initialize mono
Mono path[0] = 'A:/Unity/2021.3.22f1/Editor/Data/Managed'
Mono path[1] = 'A:/Unity/2021.3.22f1/Editor/Data/MonoBleedingEdge/lib/mono/unityjit-win32'
Mono config path = 'A:/Unity/2021.3.22f1/Editor/Data/MonoBleedingEdge/etc'
Using monoOptions --debugger-agent=transport=dt_socket,embedding=1,server=y,suspend=n,address=127.0.0.1:56312
Begin MonoManager ReloadAssembly
Registering precompiled unity dll's ...
Register platform support module: A:/Unity/2021.3.22f1/Editor/Data/PlaybackEngines/WebGLSupport/UnityEditor.WebGL.Extensions.dll
Register platform support module: A:/Unity/2021.3.22f1/Editor/Data/PlaybackEngines/WindowsStandaloneSupport/UnityEditor.WindowsStandalone.Extensions.dll
Registered in 0.001891 seconds.
Native extension for WindowsStandalone target not found
Native extension for WebGL target not found
Refreshing native plugins compatible for Editor in 65.34 ms, found 4 plugins.
Preloading 0 native plugins for Editor in 0.00 ms.
Mono: successfully reloaded assembly
- Completed reload, in  0.416 seconds
Domain Reload Profiling:
	ReloadAssembly (417ms)
		BeginReloadAssembly (53ms)
			ExecutionOrderSort (0ms)
			DisableScriptedObjects (0ms)
			BackupInstance (0ms)
			ReleaseScriptingObjects (0ms)
			CreateAndSetChildDomain (0ms)
		EndReloadAssembly (304ms)
			LoadAssemblies (52ms)
			RebuildTransferFunctionScriptingTraits (0ms)
			SetupTypeCache (64ms)
			ReleaseScriptCaches (0ms)
			RebuildScriptCaches (17ms)
			SetupLoadedEditorAssemblies (191ms)
				LogAssemblyErrors (0ms)
				InitializePlatformSupportModulesInManaged (5ms)
				SetLoadedEditorAssemblies (0ms)
				RefreshPlugins (65ms)
				BeforeProcessingInitializeOnLoad (1ms)
				ProcessInitializeOnLoadAttributes (87ms)
				ProcessInitializeOnLoadMethodAttributes (32ms)
				AfterProcessingInitializeOnLoad (0ms)
				EditorAssembliesLoaded (0ms)
			ExecutionOrderSort2 (0ms)
			AwakeInstancesAfterBackupRestoration (0ms)
Platform modules already initialized, skipping
Registering precompiled user dll's ...
Registered in 0.003267 seconds.
Begin MonoManager ReloadAssembly
Symbol file LoadedFromMemory doesn't match image D:\Unity репозиторий\Learning\Bloodshot\Library\PackageCache\com.unity.visualscripting@1.8.0\Editor\VisualScripting.Core\Dependencies\YamlDotNet\Unity.VisualScripting.YamlDotNet.dll
Symbol file LoadedFromMemory doesn't match image D:\Unity репозиторий\Learning\Bloodshot\Library\PackageCache\com.unity.visualscripting@1.8.0\Editor\VisualScripting.Core\Dependencies\DotNetZip\Unity.VisualScripting.IonicZip.dll
Native extension for WindowsStandalone target not found
Native extension for WebGL target not found
Refreshing native plugins compatible for Editor in 63.90 ms, found 4 plugins.
Preloading 0 native plugins for Editor in 0.00 ms.
Mono: successfully reloaded assembly
- Completed reload, in  0.757 seconds
Domain Reload Profiling:
	ReloadAssembly (758ms)
		BeginReloadAssembly (77ms)
			ExecutionOrderSort (0ms)
			DisableScriptedObjects (4ms)
			BackupInstance (0ms)
			ReleaseScriptingObjects (0ms)
			CreateAndSetChildDomain (14ms)
		EndReloadAssembly (605ms)
			LoadAssemblies (56ms)
			RebuildTransferFunctionScriptingTraits (0ms)
			SetupTypeCache (151ms)
			ReleaseScriptCaches (0ms)
			RebuildScriptCaches (38ms)
			SetupLoadedEditorAssemblies (334ms)
				LogAssemblyErrors (0ms)
				InitializePlatformSupportModulesInManaged (3ms)
				SetLoadedEditorAssemblies (0ms)
				RefreshPlugins (64ms)
				BeforeProcessingInitializeOnLoad (59ms)
				ProcessInitializeOnLoadAttributes (182ms)
				ProcessInitializeOnLoadMethodAttributes (24ms)
				AfterProcessingInitializeOnLoad (2ms)
				EditorAssembliesLoaded (0ms)
			ExecutionOrderSort2 (0ms)
			AwakeInstancesAfterBackupRestoration (4ms)
Platform modules already initialized, skipping
========================================================================
Worker process is ready to serve import requests
Launched and connected shader compiler UnityShaderCompiler.exe after 0.03 seconds
Refreshing native plugins compatible for Editor in 0.63 ms, found 4 plugins.
Preloading 0 native plugins for Editor in 0.00 ms.
Unloading 4002 Unused Serialized files (Serialized files now loaded: 0)
Unloading 48 unused Assets / (129.0 KB). Loaded Objects now: 4463.
Memory consumption went from 153.5 MB to 153.4 MB.
Total: 2.548500 ms (FindLiveObjects: 0.192300 ms CreateObjectMapping: 0.117700 ms MarkObjects: 2.172100 ms  DeleteObjects: 0.065600 ms)

AssetImportParameters requested are different than current active one (requested -> active):
  custom:video-decoder-ogg-theora: a1e56fd34408186e4bbccfd4996cb3dc -> 
  custom:container-muxer-webm: aa71ff27fc2769a1b78a27578f13a17b -> 
  custom:container-demuxer-webm: 4f35f7cbe854078d1ac9338744f61a02 -> 
  custom:video-encoder-webm-vp8: eb34c28f22e8b96e1ab97ce403110664 -> 
  custom:audio-encoder-webm-vorbis: bf7c407c2cedff20999df2af8eb42d56 -> 
  custom:framework-win-MediaFoundation: 216162199b28c13a410421893ffa2e32 -> 
  custom:container-demuxer-ogg: 62fdf1f143b41e24485cea50d1cbac27 -> 
  custom:video-decoder-webm-vp8: 9c59270c3fd7afecdb556c50c9e8de78 -> 
  custom:audio-decoder-ogg-vorbis: bf7c407c2cedff20999df2af8eb42d56 -> 
========================================================================
Received Import Request.
  Time since last request: 751438.915772 seconds.
  path: Assets/Prefabs/Skills/BlackHole.prefab
  artifactKey: Guid(cc2ecab7ab73bb04cb69d747836557f1) Importer(815301076,1909f56bfc062723c751e8b465ee728b)
Start importing Assets/Prefabs/Skills/BlackHole.prefab using Guid(cc2ecab7ab73bb04cb69d747836557f1) Importer(815301076,1909f56bfc062723c751e8b465ee728b)  -> (artifact id: '405c4167b65c02fac07bb211b047ef50') in 0.154030 seconds 
========================================================================
Received Import Request.
  Time since last request: 0.000014 seconds.
  path: Assets/Prefabs/Skills/Crystal.prefab
  artifactKey: Guid(767329ba1cb5cf840a9bd94b622249ee) Importer(815301076,1909f56bfc062723c751e8b465ee728b)
Start importing Assets/Prefabs/Skills/Crystal.prefab using Guid(767329ba1cb5cf840a9bd94b622249ee) Importer(815301076,1909f56bfc062723c751e8b465ee728b)  -> (artifact id: '24c4f965c570e2a3b250364ff5fbb2ba') in 0.114012 seconds 
========================================================================
Received Import Request.
  Time since last request: 296.380026 seconds.
  path: Assets/Graphics/FX/Void_Backlight/renwubaij_2.png
  artifactKey: Guid(d4b105e46a065154db97ffba36b59018) Importer(815301076,1909f56bfc062723c751e8b465ee728b)
Start importing Assets/Graphics/FX/Void_Backlight/renwubaij_2.png using Guid(d4b105e46a065154db97ffba36b59018) Importer(815301076,1909f56bfc062723c751e8b465ee728b)  -> (artifact id: '315b6b8441fec5f7acb765bd23f9f99f') in 0.084054 seconds 
========================================================================
Received Import Request.
  Time since last request: 0.000017 seconds.
  path: Assets/Graphics/FX/Void_Backlight/renwubaij_22.png
  artifactKey: Guid(8fc4a4b2a63cfef48970ecca08644d77) Importer(815301076,1909f56bfc062723c751e8b465ee728b)
Start importing Assets/Graphics/FX/Void_Backlight/renwubaij_22.png using Guid(8fc4a4b2a63cfef48970ecca08644d77) Importer(815301076,1909f56bfc062723c751e8b465ee728b)  -> (artifact id: '509b1dd4c1cb8afbd5b7680c96f6638f') in 0.050747 seconds 
========================================================================
Received Import Request.
  Time since last request: 0.000020 seconds.
  path: Assets/Graphics/FX/Void_Backlight/renwubaij_16.png
  artifactKey: Guid(0c4fb954f24cb9c40899d1ba7530c680) Importer(815301076,1909f56bfc062723c751e8b465ee728b)
Start importing Assets/Graphics/FX/Void_Backlight/renwubaij_16.png using Guid(0c4fb954f24cb9c40899d1ba7530c680) Importer(815301076,1909f56bfc062723c751e8b465ee728b)  -> (artifact id: '1ecb144a635eace69ba9b798fde67221') in 0.046636 seconds 
========================================================================
Received Import Request.
  Time since last request: 0.000016 seconds.
  path: Assets/Graphics/FX/Void_Backlight/renwubaij_26.png
  artifactKey: Guid(68050f38e2de5074fa243d4bef1dc081) Importer(815301076,1909f56bfc062723c751e8b465ee728b)
Start importing Assets/Graphics/FX/Void_Backlight/renwubaij_26.png using Guid(68050f38e2de5074fa243d4bef1dc081) Importer(815301076,1909f56bfc062723c751e8b465ee728b)  -> (artifact id: 'fbe2efef350e6201d49b32089f55e1d7') in 0.040737 seconds 
========================================================================
Received Import Request.
  Time since last request: 0.000014 seconds.
  path: Assets/Graphics/FX/Void_Backlight/renwubaij_24.png
  artifactKey: Guid(db900cec022e17e4385647c50c13c054) Importer(815301076,1909f56bfc062723c751e8b465ee728b)
Start importing Assets/Graphics/FX/Void_Backlight/renwubaij_24.png using Guid(db900cec022e17e4385647c50c13c054) Importer(815301076,1909f56bfc062723c751e8b465ee728b)  -> (artifact id: 'ee584dde6e74145b0f2e88459542340f') in 0.040172 seconds 
========================================================================
Received Import Request.
  Time since last request: 0.000016 seconds.
  path: Assets/Graphics/FX/Void_Backlight/renwubaij_10.png
  artifactKey: Guid(958bde66562256543884ca8f3a507b30) Importer(815301076,1909f56bfc062723c751e8b465ee728b)
Start importing Assets/Graphics/FX/Void_Backlight/renwubaij_10.png using Guid(958bde66562256543884ca8f3a507b30) Importer(815301076,1909f56bfc062723c751e8b465ee728b)  -> (artifact id: 'd78e419ac2f835c2b3ace35122da4d25') in 0.041197 seconds 
========================================================================
Received Import Request.
  Time since last request: 0.000015 seconds.
  path: Assets/Graphics/FX/Void_Backlight/renwubaij_18.png
  artifactKey: Guid(20962e54c30f6704b8fdb76a376bd212) Importer(815301076,1909f56bfc062723c751e8b465ee728b)
Start importing Assets/Graphics/FX/Void_Backlight/renwubaij_18.png using Guid(20962e54c30f6704b8fdb76a376bd212) Importer(815301076,1909f56bfc062723c751e8b465ee728b)  -> (artifact id: '0b616465fe563c9be4e620caaae462c6') in 0.044281 seconds 
========================================================================
Received Import Request.
  Time since last request: 0.000017 seconds.
  path: Assets/Graphics/FX/Void_Backlight/renwubaij_6.png
  artifactKey: Guid(be6bc5c2879afdf45b071c0525b13bf9) Importer(815301076,1909f56bfc062723c751e8b465ee728b)
Start importing Assets/Graphics/FX/Void_Backlight/renwubaij_6.png using Guid(be6bc5c2879afdf45b071c0525b13bf9) Importer(815301076,1909f56bfc062723c751e8b465ee728b)  -> (artifact id: 'ba3a87540531254b72314d440fa57892') in 0.046767 seconds 
========================================================================
Received Import Request.
  Time since last request: 3.224183 seconds.
  path: Assets/Graphics/FX/Void_Backlight/renwubaij_6.png
  artifactKey: Guid(be6bc5c2879afdf45b071c0525b13bf9) Importer(815301076,1909f56bfc062723c751e8b465ee728b)
Start importing Assets/Graphics/FX/Void_Backlight/renwubaij_6.png using Guid(be6bc5c2879afdf45b071c0525b13bf9) Importer(815301076,1909f56bfc062723c751e8b465ee728b)  -> (artifact id: '798da3999a6b66acfb2d59d4b093e9b4') in 0.047904 seconds 
========================================================================
Received Import Request.
  Time since last request: 0.000013 seconds.
  path: Assets/Graphics/FX/Void_Backlight/renwubaij_8.png
  artifactKey: Guid(d8410b5183f3f4f459f4643a8d4fdf26) Importer(815301076,1909f56bfc062723c751e8b465ee728b)
Start importing Assets/Graphics/FX/Void_Backlight/renwubaij_8.png using Guid(d8410b5183f3f4f459f4643a8d4fdf26) Importer(815301076,1909f56bfc062723c751e8b465ee728b)  -> (artifact id: '4647d759e3b477693cf5cb788e1392e8') in 0.043888 seconds 
========================================================================
Received Import Request.
  Time since last request: 0.000017 seconds.
  path: Assets/Graphics/FX/Void_Backlight/renwubaij_20.png
  artifactKey: Guid(277b82bd2ab46e240ab2fcbdd18ff279) Importer(815301076,1909f56bfc062723c751e8b465ee728b)
Start importing Assets/Graphics/FX/Void_Backlight/renwubaij_20.png using Guid(277b82bd2ab46e240ab2fcbdd18ff279) Importer(815301076,1909f56bfc062723c751e8b465ee728b)  -> (artifact id: 'd8ca7f320a7c12f344354d579eeb4ae8') in 0.043512 seconds 
========================================================================
Received Import Request.
  Time since last request: 0.000018 seconds.
  path: Assets/Graphics/FX/Void_Backlight/renwubaij_24.png
  artifactKey: Guid(db900cec022e17e4385647c50c13c054) Importer(815301076,1909f56bfc062723c751e8b465ee728b)
Start importing Assets/Graphics/FX/Void_Backlight/renwubaij_24.png using Guid(db900cec022e17e4385647c50c13c054) Importer(815301076,1909f56bfc062723c751e8b465ee728b)  -> (artifact id: 'a8bc64d4a0e436d14c36d150f2abef60') in 0.042168 seconds 
========================================================================
Received Import Request.
  Time since last request: 0.000013 seconds.
  path: Assets/Graphics/FX/Void_Backlight/renwubaij_18.png
  artifactKey: Guid(20962e54c30f6704b8fdb76a376bd212) Importer(815301076,1909f56bfc062723c751e8b465ee728b)
Start importing Assets/Graphics/FX/Void_Backlight/renwubaij_18.png using Guid(20962e54c30f6704b8fdb76a376bd212) Importer(815301076,1909f56bfc062723c751e8b465ee728b)  -> (artifact id: 'd924c21e9a528299eac22b16eeb43a7f') in 0.040616 seconds 
========================================================================
Received Import Request.
  Time since last request: 13.155665 seconds.
  path: Assets/Graphics/FX/Void_Backlight/renwubaij_6.png
  artifactKey: Guid(be6bc5c2879afdf45b071c0525b13bf9) Importer(815301076,1909f56bfc062723c751e8b465ee728b)
Start importing Assets/Graphics/FX/Void_Backlight/renwubaij_6.png using Guid(be6bc5c2879afdf45b071c0525b13bf9) Importer(815301076,1909f56bfc062723c751e8b465ee728b)  -> (artifact id: '20a7a567772e26778b7b90ce37e90a9a') in 0.062018 seconds 
========================================================================
Received Import Request.
  Time since last request: 0.000018 seconds.
  path: Assets/Graphics/FX/Void_Backlight/renwubaij_20.png
  artifactKey: Guid(277b82bd2ab46e240ab2fcbdd18ff279) Importer(815301076,1909f56bfc062723c751e8b465ee728b)
Start importing Assets/Graphics/FX/Void_Backlight/renwubaij_20.png using Guid(277b82bd2ab46e240ab2fcbdd18ff279) Importer(815301076,1909f56bfc062723c751e8b465ee728b)  -> (artifact id: '039f6d319eb3221dca96d76fbcc1092e') in 0.050204 seconds 
========================================================================
Received Import Request.
  Time since last request: 0.000012 seconds.
  path: Assets/Graphics/FX/Void_Backlight/renwubaij_28.png
  artifactKey: Guid(2fa0758a560995b47be88c80e0df9ddd) Importer(815301076,1909f56bfc062723c751e8b465ee728b)
Start importing Assets/Graphics/FX/Void_Backlight/renwubaij_28.png using Guid(2fa0758a560995b47be88c80e0df9ddd) Importer(815301076,1909f56bfc062723c751e8b465ee728b)  -> (artifact id: '66ea0ec6ac13e1bafb9d208151297bcc') in 0.044331 seconds 
Editor requested this worker to shutdown with reason: Scaling down because of idle timeout
AssetImportWorker is now disconnected from the server
Process exiting
Exiting without the bug reporter. Application will terminate with return code 0