Using pre-set license
Built from '2021.3/staging' branch; Version is '2021.3.22f1 (b6c551784ba3) revision 11978065'; Using compiler version '192829333'; Build Type 'Release'
OS: 'Windows 10  (10.0.19045) 64bit Professional' Language: 'ru' Physical Memory: 32690 MB
BatchMode: 1, IsHumanControllingUs: 0, StartBugReporterOnCrash: 0, Is64bit: 1, IsPro: 1

COMMAND LINE ARGUMENTS:
A:\Unity\2021.3.22f1\Editor\Unity.exe
-adb2
-batchMode
-noUpm
-name
AssetImportWorker6
-projectPath
D:/Unity репозиторий/Learning/Bloodshot
-logFile
Logs/AssetImportWorker6.log
-srvPort
7908
Successfully changed project path to: D:/Unity репозиторий/Learning/Bloodshot
D:/Unity репозиторий/Learning/Bloodshot
[UnityMemory] Configuration Parameters - Can be set up in boot.config
    "memorysetup-bucket-allocator-granularity=16"
    "memorysetup-bucket-allocator-bucket-count=8"
    "memorysetup-bucket-allocator-block-size=33554432"
    "memorysetup-bucket-allocator-block-count=8"
    "memorysetup-main-allocator-block-size=16777216"
    "memorysetup-thread-allocator-block-size=16777216"
    "memorysetup-gfx-main-allocator-block-size=16777216"
    "memorysetup-gfx-thread-allocator-block-size=16777216"
    "memorysetup-cache-allocator-block-size=4194304"
    "memorysetup-typetree-allocator-block-size=2097152"
    "memorysetup-profiler-bucket-allocator-granularity=16"
    "memorysetup-profiler-bucket-allocator-bucket-count=8"
    "memorysetup-profiler-bucket-allocator-block-size=33554432"
    "memorysetup-profiler-bucket-allocator-block-count=8"
    "memorysetup-profiler-allocator-block-size=16777216"
    "memorysetup-profiler-editor-allocator-block-size=1048576"
    "memorysetup-temp-allocator-size-main=16777216"
    "memorysetup-job-temp-allocator-block-size=2097152"
    "memorysetup-job-temp-allocator-block-size-background=1048576"
    "memorysetup-job-temp-allocator-reduction-small-platforms=262144"
    "memorysetup-temp-allocator-size-background-worker=32768"
    "memorysetup-temp-allocator-size-job-worker=262144"
    "memorysetup-temp-allocator-size-preload-manager=33554432"
    "memorysetup-temp-allocator-size-nav-mesh-worker=65536"
    "memorysetup-temp-allocator-size-audio-worker=65536"
    "memorysetup-temp-allocator-size-cloud-worker=32768"
    "memorysetup-temp-allocator-size-gi-baking-worker=262144"
    "memorysetup-temp-allocator-size-gfx=262144"
Player connection [29308] Host "[IP] 192.168.1.5 [Port] 0 [Flags] 2 [Guid] 2491438793 [EditorId] 2491438793 [Version] 1048832 [Id] WindowsEditor(7,DESKTOP-4VOLOPP) [Debug] 1 [PackageName] WindowsEditor [ProjectName] Editor" joined multi-casting on [225.0.0.222:54997]...

Player connection [29308] Host "[IP] 192.168.1.5 [Port] 0 [Flags] 2 [Guid] 2491438793 [EditorId] 2491438793 [Version] 1048832 [Id] WindowsEditor(7,DESKTOP-4VOLOPP) [Debug] 1 [PackageName] WindowsEditor [ProjectName] Editor" joined alternative multi-casting on [225.0.0.222:34997]...

Refreshing native plugins compatible for Editor in 71.66 ms, found 4 plugins.
Preloading 0 native plugins for Editor in 0.00 ms.
Initialize engine version: 2021.3.22f1 (b6c551784ba3)
[Subsystems] Discovering subsystems at path A:/Unity/2021.3.22f1/Editor/Data/Resources/UnitySubsystems
[Subsystems] Discovering subsystems at path D:/Unity репозиторий/Learning/Bloodshot/Assets
GfxDevice: creating device client; threaded=0; jobified=0
Direct3D:
    Version:  Direct3D 11.0 [level 11.1]
    Renderer: NVIDIA GeForce RTX 3060 (ID=0x2504)
    Vendor:   NVIDIA
    VRAM:     12129 MB
    Driver:   31.0.15.3141
Initialize mono
Mono path[0] = 'A:/Unity/2021.3.22f1/Editor/Data/Managed'
Mono path[1] = 'A:/Unity/2021.3.22f1/Editor/Data/MonoBleedingEdge/lib/mono/unityjit-win32'
Mono config path = 'A:/Unity/2021.3.22f1/Editor/Data/MonoBleedingEdge/etc'
Using monoOptions --debugger-agent=transport=dt_socket,embedding=1,server=y,suspend=n,address=127.0.0.1:56412
Begin MonoManager ReloadAssembly
Registering precompiled unity dll's ...
Register platform support module: A:/Unity/2021.3.22f1/Editor/Data/PlaybackEngines/WebGLSupport/UnityEditor.WebGL.Extensions.dll
Register platform support module: A:/Unity/2021.3.22f1/Editor/Data/PlaybackEngines/WindowsStandaloneSupport/UnityEditor.WindowsStandalone.Extensions.dll
Registered in 0.002024 seconds.
Native extension for WindowsStandalone target not found
Native extension for WebGL target not found
Refreshing native plugins compatible for Editor in 63.13 ms, found 4 plugins.
Preloading 0 native plugins for Editor in 0.00 ms.
Mono: successfully reloaded assembly
- Completed reload, in  0.445 seconds
Domain Reload Profiling:
	ReloadAssembly (446ms)
		BeginReloadAssembly (61ms)
			ExecutionOrderSort (0ms)
			DisableScriptedObjects (0ms)
			BackupInstance (0ms)
			ReleaseScriptingObjects (0ms)
			CreateAndSetChildDomain (1ms)
		EndReloadAssembly (317ms)
			LoadAssemblies (60ms)
			RebuildTransferFunctionScriptingTraits (0ms)
			SetupTypeCache (71ms)
			ReleaseScriptCaches (0ms)
			RebuildScriptCaches (18ms)
			SetupLoadedEditorAssemblies (193ms)
				LogAssemblyErrors (0ms)
				InitializePlatformSupportModulesInManaged (5ms)
				SetLoadedEditorAssemblies (0ms)
				RefreshPlugins (63ms)
				BeforeProcessingInitializeOnLoad (1ms)
				ProcessInitializeOnLoadAttributes (92ms)
				ProcessInitializeOnLoadMethodAttributes (32ms)
				AfterProcessingInitializeOnLoad (0ms)
				EditorAssembliesLoaded (0ms)
			ExecutionOrderSort2 (0ms)
			AwakeInstancesAfterBackupRestoration (0ms)
Platform modules already initialized, skipping
Registering precompiled user dll's ...
Registered in 0.003282 seconds.
Begin MonoManager ReloadAssembly
Symbol file LoadedFromMemory doesn't match image D:\Unity репозиторий\Learning\Bloodshot\Library\PackageCache\com.unity.visualscripting@1.8.0\Editor\VisualScripting.Core\Dependencies\YamlDotNet\Unity.VisualScripting.YamlDotNet.dll
Symbol file LoadedFromMemory doesn't match image D:\Unity репозиторий\Learning\Bloodshot\Library\PackageCache\com.unity.visualscripting@1.8.0\Editor\VisualScripting.Core\Dependencies\DotNetZip\Unity.VisualScripting.IonicZip.dll
Native extension for WindowsStandalone target not found
Native extension for WebGL target not found
Refreshing native plugins compatible for Editor in 62.88 ms, found 4 plugins.
Preloading 0 native plugins for Editor in 0.00 ms.
Mono: successfully reloaded assembly
- Completed reload, in  0.796 seconds
Domain Reload Profiling:
	ReloadAssembly (797ms)
		BeginReloadAssembly (80ms)
			ExecutionOrderSort (0ms)
			DisableScriptedObjects (4ms)
			BackupInstance (0ms)
			ReleaseScriptingObjects (0ms)
			CreateAndSetChildDomain (14ms)
		EndReloadAssembly (637ms)
			LoadAssemblies (60ms)
			RebuildTransferFunctionScriptingTraits (0ms)
			SetupTypeCache (154ms)
			ReleaseScriptCaches (0ms)
			RebuildScriptCaches (41ms)
			SetupLoadedEditorAssemblies (355ms)
				LogAssemblyErrors (0ms)
				InitializePlatformSupportModulesInManaged (3ms)
				SetLoadedEditorAssemblies (0ms)
				RefreshPlugins (63ms)
				BeforeProcessingInitializeOnLoad (71ms)
				ProcessInitializeOnLoadAttributes (189ms)
				ProcessInitializeOnLoadMethodAttributes (27ms)
				AfterProcessingInitializeOnLoad (2ms)
				EditorAssembliesLoaded (0ms)
			ExecutionOrderSort2 (0ms)
			AwakeInstancesAfterBackupRestoration (4ms)
Platform modules already initialized, skipping
========================================================================
Worker process is ready to serve import requests
Launched and connected shader compiler UnityShaderCompiler.exe after 0.03 seconds
Refreshing native plugins compatible for Editor in 0.62 ms, found 4 plugins.
Preloading 0 native plugins for Editor in 0.00 ms.
Unloading 4002 Unused Serialized files (Serialized files now loaded: 0)
Unloading 48 unused Assets / (129.0 KB). Loaded Objects now: 4463.
Memory consumption went from 153.5 MB to 153.4 MB.
Total: 2.419100 ms (FindLiveObjects: 0.226500 ms CreateObjectMapping: 0.150500 ms MarkObjects: 1.972400 ms  DeleteObjects: 0.069100 ms)

AssetImportParameters requested are different than current active one (requested -> active):
  custom:video-decoder-ogg-theora: a1e56fd34408186e4bbccfd4996cb3dc -> 
  custom:container-muxer-webm: aa71ff27fc2769a1b78a27578f13a17b -> 
  custom:container-demuxer-webm: 4f35f7cbe854078d1ac9338744f61a02 -> 
  custom:video-encoder-webm-vp8: eb34c28f22e8b96e1ab97ce403110664 -> 
  custom:audio-encoder-webm-vorbis: bf7c407c2cedff20999df2af8eb42d56 -> 
  custom:framework-win-MediaFoundation: 216162199b28c13a410421893ffa2e32 -> 
  custom:container-demuxer-ogg: 62fdf1f143b41e24485cea50d1cbac27 -> 
  custom:video-decoder-webm-vp8: 9c59270c3fd7afecdb556c50c9e8de78 -> 
  custom:audio-decoder-ogg-vorbis: bf7c407c2cedff20999df2af8eb42d56 -> 
========================================================================
Received Import Request.
  Time since last request: 749704.574845 seconds.
  path: Assets/Prefabs/Clone.prefab
  artifactKey: Guid(923cd39f964f8ec44801f97e27f2f10b) Importer(815301076,1909f56bfc062723c751e8b465ee728b)
Start importing Assets/Prefabs/Clone.prefab using Guid(923cd39f964f8ec44801f97e27f2f10b) Importer(815301076,1909f56bfc062723c751e8b465ee728b)  -> (artifact id: '3656354d23e9d1d626f4632fcf5e6ad7') in 0.134493 seconds 
========================================================================
Received Import Request.
  Time since last request: 1.231375 seconds.
  path: Assets/Prefabs
  artifactKey: Guid(1b9c8e55547d7f14b9fc9baf06034126) Importer(815301076,1909f56bfc062723c751e8b465ee728b)
Start importing Assets/Prefabs using Guid(1b9c8e55547d7f14b9fc9baf06034126) Importer(815301076,1909f56bfc062723c751e8b465ee728b)  -> (artifact id: 'e53e3136fe8a1f05a7766e51fd831e5f') in 0.004657 seconds 
========================================================================
Received Import Request.
  Time since last request: 6.713153 seconds.
  path: Assets/Prefabs/Particles
  artifactKey: Guid(a60a7b68f49c45a4dba20a26b9c6c177) Importer(815301076,1909f56bfc062723c751e8b465ee728b)
Start importing Assets/Prefabs/Particles using Guid(a60a7b68f49c45a4dba20a26b9c6c177) Importer(815301076,1909f56bfc062723c751e8b465ee728b)  -> (artifact id: '7d9d7d57f08da4f26654418018c22a49') in 0.004357 seconds 
========================================================================
Received Import Request.
  Time since last request: 3.455062 seconds.
  path: Assets/Prefabs/Particles/ChillEffect.prefab
  artifactKey: Guid(baa02a19daf60e54e9af0246f09cc9c9) Importer(815301076,1909f56bfc062723c751e8b465ee728b)
Start importing Assets/Prefabs/Particles/ChillEffect.prefab using Guid(baa02a19daf60e54e9af0246f09cc9c9) Importer(815301076,1909f56bfc062723c751e8b465ee728b)  -> (artifact id: 'a3d16b188286da6b492f3ef8e4c551f2') in 0.011763 seconds 
========================================================================
Received Import Request.
  Time since last request: 0.000021 seconds.
  path: Assets/Prefabs/Particles/ShockEffect .prefab
  artifactKey: Guid(9098c33541e027a468a1de02a2eb1b53) Importer(815301076,1909f56bfc062723c751e8b465ee728b)
Start importing Assets/Prefabs/Particles/ShockEffect .prefab using Guid(9098c33541e027a468a1de02a2eb1b53) Importer(815301076,1909f56bfc062723c751e8b465ee728b)  -> (artifact id: 'b5e482c978bd16939198db2acfec14ae') in 0.008461 seconds 
========================================================================
Received Import Request.
  Time since last request: 6.713737 seconds.
  path: Assets/Prefabs/Particles/IgniteEffect.prefab
  artifactKey: Guid(648a4103d2018d84384f445387510538) Importer(815301076,1909f56bfc062723c751e8b465ee728b)
Start importing Assets/Prefabs/Particles/IgniteEffect.prefab using Guid(648a4103d2018d84384f445387510538) Importer(815301076,1909f56bfc062723c751e8b465ee728b)  -> (artifact id: '8200f297841cf21197fb2108f4397516') in 0.006148 seconds 
========================================================================
Received Import Request.
  Time since last request: 2.097914 seconds.
  path: Assets/Prefabs/Particles/ChillEffect.prefab
  artifactKey: Guid(baa02a19daf60e54e9af0246f09cc9c9) Importer(815301076,1909f56bfc062723c751e8b465ee728b)
Start importing Assets/Prefabs/Particles/ChillEffect.prefab using Guid(baa02a19daf60e54e9af0246f09cc9c9) Importer(815301076,1909f56bfc062723c751e8b465ee728b)  -> (artifact id: 'b1cbb89f615cb03555e1787cc723d6e2') in 0.013147 seconds 
========================================================================
Received Import Request.
  Time since last request: 46.600014 seconds.
  path: Assets/Prefabs/Particles/ChillEffect.prefab
  artifactKey: Guid(baa02a19daf60e54e9af0246f09cc9c9) Importer(815301076,1909f56bfc062723c751e8b465ee728b)
Start importing Assets/Prefabs/Particles/ChillEffect.prefab using Guid(baa02a19daf60e54e9af0246f09cc9c9) Importer(815301076,1909f56bfc062723c751e8b465ee728b)  -> (artifact id: '6d75f60198e8eb21fb1b80e5c3e0464f') in 0.006516 seconds 
========================================================================
Received Import Request.
  Time since last request: 0.000013 seconds.
  path: Assets/Prefabs/Particles/ShockEffect .prefab
  artifactKey: Guid(9098c33541e027a468a1de02a2eb1b53) Importer(815301076,1909f56bfc062723c751e8b465ee728b)
Start importing Assets/Prefabs/Particles/ShockEffect .prefab using Guid(9098c33541e027a468a1de02a2eb1b53) Importer(815301076,1909f56bfc062723c751e8b465ee728b)  -> (artifact id: 'c98a10f335be86f97bde2f8d44c10b34') in 0.006476 seconds 
========================================================================
Received Import Request.
  Time since last request: 18.220491 seconds.
  path: Assets/Scripts/Entity.cs
  artifactKey: Guid(0d2cf2435ae9a6b47ba26abb4ab07be2) Importer(815301076,1909f56bfc062723c751e8b465ee728b)
Start importing Assets/Scripts/Entity.cs using Guid(0d2cf2435ae9a6b47ba26abb4ab07be2) Importer(815301076,1909f56bfc062723c751e8b465ee728b)  -> (artifact id: '9a93ce4354b4512939ee30b1c4cf5dda') in 0.008861 seconds 
========================================================================
Received Import Request.
  Time since last request: 112.186938 seconds.
  path: Assets/Scripts/EntityFX.cs
  artifactKey: Guid(f0b658791af938d43a19470165554810) Importer(815301076,1909f56bfc062723c751e8b465ee728b)
Start importing Assets/Scripts/EntityFX.cs using Guid(f0b658791af938d43a19470165554810) Importer(815301076,1909f56bfc062723c751e8b465ee728b)  -> (artifact id: '35a4a3280ceffa41174c2f87bd601c6f') in 0.004482 seconds 
========================================================================
Received Import Request.
  Time since last request: 52.684028 seconds.
  path: Assets/Scripts/EntityFX.cs
  artifactKey: Guid(f0b658791af938d43a19470165554810) Importer(815301076,1909f56bfc062723c751e8b465ee728b)
Start importing Assets/Scripts/EntityFX.cs using Guid(f0b658791af938d43a19470165554810) Importer(815301076,1909f56bfc062723c751e8b465ee728b)  -> (artifact id: '00b1875802bea17bbf1a06fd5501eb00') in 0.001339 seconds 
========================================================================
Received Import Request.
  Time since last request: 11.227518 seconds.
  path: Assets/Scripts/EntityFX.cs
  artifactKey: Guid(f0b658791af938d43a19470165554810) Importer(815301076,1909f56bfc062723c751e8b465ee728b)
Start importing Assets/Scripts/EntityFX.cs using Guid(f0b658791af938d43a19470165554810) Importer(815301076,1909f56bfc062723c751e8b465ee728b)  -> (artifact id: '8139c7f21086be52d1723061c408a1d3') in 0.001495 seconds 
========================================================================
Received Import Request.
  Time since last request: 13.824306 seconds.
  path: Assets/Scripts/EntityFX.cs
  artifactKey: Guid(f0b658791af938d43a19470165554810) Importer(815301076,1909f56bfc062723c751e8b465ee728b)
Start importing Assets/Scripts/EntityFX.cs using Guid(f0b658791af938d43a19470165554810) Importer(815301076,1909f56bfc062723c751e8b465ee728b)  -> (artifact id: '3c009bed877eef49c304bc4be9cdc25a') in 0.001274 seconds 
========================================================================
Received Import Request.
  Time since last request: 176.443331 seconds.
  path: Assets/Scripts/EntityFX.cs
  artifactKey: Guid(f0b658791af938d43a19470165554810) Importer(815301076,1909f56bfc062723c751e8b465ee728b)
Start importing Assets/Scripts/EntityFX.cs using Guid(f0b658791af938d43a19470165554810) Importer(815301076,1909f56bfc062723c751e8b465ee728b)  -> (artifact id: '25faf5f465fbc28239ea1d35f1f4717b') in 0.001263 seconds 
========================================================================
Received Prepare
Registering precompiled user dll's ...
Registered in 0.003429 seconds.
Begin MonoManager ReloadAssembly
Symbol file LoadedFromMemory doesn't match image D:\Unity репозиторий\Learning\Bloodshot\Library\PackageCache\com.unity.visualscripting@1.8.0\Editor\VisualScripting.Core\Dependencies\YamlDotNet\Unity.VisualScripting.YamlDotNet.dll
Symbol file LoadedFromMemory doesn't match image D:\Unity репозиторий\Learning\Bloodshot\Library\PackageCache\com.unity.visualscripting@1.8.0\Editor\VisualScripting.Core\Dependencies\DotNetZip\Unity.VisualScripting.IonicZip.dll
Native extension for WindowsStandalone target not found
Native extension for WebGL target not found
Refreshing native plugins compatible for Editor in 0.54 ms, found 4 plugins.
Preloading 0 native plugins for Editor in 0.00 ms.
Mono: successfully reloaded assembly
- Completed reload, in  0.638 seconds
Domain Reload Profiling:
	ReloadAssembly (638ms)
		BeginReloadAssembly (97ms)
			ExecutionOrderSort (0ms)
			DisableScriptedObjects (5ms)
			BackupInstance (0ms)
			ReleaseScriptingObjects (0ms)
			CreateAndSetChildDomain (25ms)
		EndReloadAssembly (478ms)
			LoadAssemblies (59ms)
			RebuildTransferFunctionScriptingTraits (0ms)
			SetupTypeCache (145ms)
			ReleaseScriptCaches (1ms)
			RebuildScriptCaches (28ms)
			SetupLoadedEditorAssemblies (225ms)
				LogAssemblyErrors (0ms)
				InitializePlatformSupportModulesInManaged (4ms)
				SetLoadedEditorAssemblies (0ms)
				RefreshPlugins (1ms)
				BeforeProcessingInitializeOnLoad (44ms)
				ProcessInitializeOnLoadAttributes (151ms)
				ProcessInitializeOnLoadMethodAttributes (23ms)
				AfterProcessingInitializeOnLoad (2ms)
				EditorAssembliesLoaded (0ms)
			ExecutionOrderSort2 (0ms)
			AwakeInstancesAfterBackupRestoration (4ms)
Platform modules already initialized, skipping
Refreshing native plugins compatible for Editor in 1.45 ms, found 4 plugins.
Preloading 0 native plugins for Editor in 0.00 ms.
Unloading 3978 Unused Serialized files (Serialized files now loaded: 0)
Unloading 23 unused Assets / (95.4 KB). Loaded Objects now: 4486.
Memory consumption went from 155.4 MB to 155.3 MB.
Total: 2.687600 ms (FindLiveObjects: 0.241600 ms CreateObjectMapping: 0.149300 ms MarkObjects: 2.267400 ms  DeleteObjects: 0.028800 ms)

AssetImportParameters requested are different than current active one (requested -> active):
  custom:video-decoder-ogg-theora: a1e56fd34408186e4bbccfd4996cb3dc -> 
  custom:container-muxer-webm: aa71ff27fc2769a1b78a27578f13a17b -> 
  custom:container-demuxer-webm: 4f35f7cbe854078d1ac9338744f61a02 -> 
  custom:video-encoder-webm-vp8: eb34c28f22e8b96e1ab97ce403110664 -> 
  custom:audio-encoder-webm-vorbis: bf7c407c2cedff20999df2af8eb42d56 -> 
  custom:framework-win-MediaFoundation: 216162199b28c13a410421893ffa2e32 -> 
  custom:container-demuxer-ogg: 62fdf1f143b41e24485cea50d1cbac27 -> 
  custom:video-decoder-webm-vp8: 9c59270c3fd7afecdb556c50c9e8de78 -> 
  custom:audio-decoder-ogg-vorbis: bf7c407c2cedff20999df2af8eb42d56 -> 
========================================================================
Received Import Request.
  Time since last request: 121.550804 seconds.
  path: Assets/Prefabs/Particles/ChillEffect.prefab
  artifactKey: Guid(baa02a19daf60e54e9af0246f09cc9c9) Importer(815301076,1909f56bfc062723c751e8b465ee728b)
Start importing Assets/Prefabs/Particles/ChillEffect.prefab using Guid(baa02a19daf60e54e9af0246f09cc9c9) Importer(815301076,1909f56bfc062723c751e8b465ee728b)  -> (artifact id: 'c0bd074be9fe67ffc3f5b4737cd4bbfe') in 0.047857 seconds 
========================================================================
Received Import Request.
  Time since last request: 365.278647 seconds.
  path: Assets/Prefabs/Particles/ChillEffect.prefab
  artifactKey: Guid(baa02a19daf60e54e9af0246f09cc9c9) Importer(815301076,1909f56bfc062723c751e8b465ee728b)
Start importing Assets/Prefabs/Particles/ChillEffect.prefab using Guid(baa02a19daf60e54e9af0246f09cc9c9) Importer(815301076,1909f56bfc062723c751e8b465ee728b)  -> (artifact id: '62f4d68b1ca921a0c13d7e4b00e97dcd') in 0.012087 seconds 
========================================================================
Received Prepare
Registering precompiled user dll's ...
Registered in 0.003361 seconds.
Begin MonoManager ReloadAssembly
Symbol file LoadedFromMemory doesn't match image D:\Unity репозиторий\Learning\Bloodshot\Library\PackageCache\com.unity.visualscripting@1.8.0\Editor\VisualScripting.Core\Dependencies\YamlDotNet\Unity.VisualScripting.YamlDotNet.dll
Symbol file LoadedFromMemory doesn't match image D:\Unity репозиторий\Learning\Bloodshot\Library\PackageCache\com.unity.visualscripting@1.8.0\Editor\VisualScripting.Core\Dependencies\DotNetZip\Unity.VisualScripting.IonicZip.dll
Native extension for WindowsStandalone target not found
Native extension for WebGL target not found
Refreshing native plugins compatible for Editor in 0.65 ms, found 4 plugins.
Preloading 0 native plugins for Editor in 0.00 ms.
Mono: successfully reloaded assembly
- Completed reload, in  0.643 seconds
Domain Reload Profiling:
	ReloadAssembly (644ms)
		BeginReloadAssembly (96ms)
			ExecutionOrderSort (0ms)
			DisableScriptedObjects (6ms)
			BackupInstance (0ms)
			ReleaseScriptingObjects (0ms)
			CreateAndSetChildDomain (27ms)
		EndReloadAssembly (488ms)
			LoadAssemblies (58ms)
			RebuildTransferFunctionScriptingTraits (0ms)
			SetupTypeCache (138ms)
			ReleaseScriptCaches (1ms)
			RebuildScriptCaches (28ms)
			SetupLoadedEditorAssemblies (241ms)
				LogAssemblyErrors (0ms)
				InitializePlatformSupportModulesInManaged (4ms)
				SetLoadedEditorAssemblies (0ms)
				RefreshPlugins (1ms)
				BeforeProcessingInitializeOnLoad (60ms)
				ProcessInitializeOnLoadAttributes (147ms)
				ProcessInitializeOnLoadMethodAttributes (27ms)
				AfterProcessingInitializeOnLoad (2ms)
				EditorAssembliesLoaded (0ms)
			ExecutionOrderSort2 (0ms)
			AwakeInstancesAfterBackupRestoration (5ms)
Platform modules already initialized, skipping
Refreshing native plugins compatible for Editor in 1.41 ms, found 4 plugins.
Preloading 0 native plugins for Editor in 0.00 ms.
Unloading 3978 Unused Serialized files (Serialized files now loaded: 0)
Unloading 23 unused Assets / (95.4 KB). Loaded Objects now: 4501.
Memory consumption went from 155.4 MB to 155.3 MB.
Total: 2.190700 ms (FindLiveObjects: 0.191100 ms CreateObjectMapping: 0.125900 ms MarkObjects: 1.848900 ms  DeleteObjects: 0.024300 ms)

AssetImportParameters requested are different than current active one (requested -> active):
  custom:video-decoder-ogg-theora: a1e56fd34408186e4bbccfd4996cb3dc -> 
  custom:container-muxer-webm: aa71ff27fc2769a1b78a27578f13a17b -> 
  custom:container-demuxer-webm: 4f35f7cbe854078d1ac9338744f61a02 -> 
  custom:video-encoder-webm-vp8: eb34c28f22e8b96e1ab97ce403110664 -> 
  custom:audio-encoder-webm-vorbis: bf7c407c2cedff20999df2af8eb42d56 -> 
  custom:framework-win-MediaFoundation: 216162199b28c13a410421893ffa2e32 -> 
  custom:container-demuxer-ogg: 62fdf1f143b41e24485cea50d1cbac27 -> 
  custom:video-decoder-webm-vp8: 9c59270c3fd7afecdb556c50c9e8de78 -> 
  custom:audio-decoder-ogg-vorbis: bf7c407c2cedff20999df2af8eb42d56 -> 
========================================================================
Received Prepare
Registering precompiled user dll's ...
Registered in 0.003613 seconds.
Begin MonoManager ReloadAssembly
Symbol file LoadedFromMemory doesn't match image D:\Unity репозиторий\Learning\Bloodshot\Library\PackageCache\com.unity.visualscripting@1.8.0\Editor\VisualScripting.Core\Dependencies\YamlDotNet\Unity.VisualScripting.YamlDotNet.dll
Symbol file LoadedFromMemory doesn't match image D:\Unity репозиторий\Learning\Bloodshot\Library\PackageCache\com.unity.visualscripting@1.8.0\Editor\VisualScripting.Core\Dependencies\DotNetZip\Unity.VisualScripting.IonicZip.dll
Native extension for WindowsStandalone target not found
Native extension for WebGL target not found
Refreshing native plugins compatible for Editor in 0.73 ms, found 4 plugins.
Preloading 0 native plugins for Editor in 0.00 ms.
Mono: successfully reloaded assembly
- Completed reload, in  0.706 seconds
Domain Reload Profiling:
	ReloadAssembly (706ms)
		BeginReloadAssembly (97ms)
			ExecutionOrderSort (0ms)
			DisableScriptedObjects (5ms)
			BackupInstance (0ms)
			ReleaseScriptingObjects (0ms)
			CreateAndSetChildDomain (24ms)
		EndReloadAssembly (530ms)
			LoadAssemblies (62ms)
			RebuildTransferFunctionScriptingTraits (0ms)
			SetupTypeCache (155ms)
			ReleaseScriptCaches (1ms)
			RebuildScriptCaches (35ms)
			SetupLoadedEditorAssemblies (249ms)
				LogAssemblyErrors (0ms)
				InitializePlatformSupportModulesInManaged (4ms)
				SetLoadedEditorAssemblies (0ms)
				RefreshPlugins (1ms)
				BeforeProcessingInitializeOnLoad (50ms)
				ProcessInitializeOnLoadAttributes (165ms)
				ProcessInitializeOnLoadMethodAttributes (27ms)
				AfterProcessingInitializeOnLoad (2ms)
				EditorAssembliesLoaded (0ms)
			ExecutionOrderSort2 (0ms)
			AwakeInstancesAfterBackupRestoration (5ms)
Platform modules already initialized, skipping
Refreshing native plugins compatible for Editor in 1.40 ms, found 4 plugins.
Preloading 0 native plugins for Editor in 0.00 ms.
Unloading 3978 Unused Serialized files (Serialized files now loaded: 0)
Unloading 23 unused Assets / (95.3 KB). Loaded Objects now: 4516.
Memory consumption went from 155.4 MB to 155.3 MB.
Total: 2.343100 ms (FindLiveObjects: 0.231400 ms CreateObjectMapping: 0.093500 ms MarkObjects: 1.991600 ms  DeleteObjects: 0.025900 ms)

AssetImportParameters requested are different than current active one (requested -> active):
  custom:video-decoder-ogg-theora: a1e56fd34408186e4bbccfd4996cb3dc -> 
  custom:container-muxer-webm: aa71ff27fc2769a1b78a27578f13a17b -> 
  custom:container-demuxer-webm: 4f35f7cbe854078d1ac9338744f61a02 -> 
  custom:video-encoder-webm-vp8: eb34c28f22e8b96e1ab97ce403110664 -> 
  custom:audio-encoder-webm-vorbis: bf7c407c2cedff20999df2af8eb42d56 -> 
  custom:framework-win-MediaFoundation: 216162199b28c13a410421893ffa2e32 -> 
  custom:container-demuxer-ogg: 62fdf1f143b41e24485cea50d1cbac27 -> 
  custom:video-decoder-webm-vp8: 9c59270c3fd7afecdb556c50c9e8de78 -> 
  custom:audio-decoder-ogg-vorbis: bf7c407c2cedff20999df2af8eb42d56 -> 
========================================================================
Received Prepare
Registering precompiled user dll's ...
Registered in 0.003344 seconds.
Begin MonoManager ReloadAssembly
Symbol file LoadedFromMemory doesn't match image D:\Unity репозиторий\Learning\Bloodshot\Library\PackageCache\com.unity.visualscripting@1.8.0\Editor\VisualScripting.Core\Dependencies\YamlDotNet\Unity.VisualScripting.YamlDotNet.dll
Symbol file LoadedFromMemory doesn't match image D:\Unity репозиторий\Learning\Bloodshot\Library\PackageCache\com.unity.visualscripting@1.8.0\Editor\VisualScripting.Core\Dependencies\DotNetZip\Unity.VisualScripting.IonicZip.dll
Native extension for WindowsStandalone target not found
Native extension for WebGL target not found
Refreshing native plugins compatible for Editor in 0.66 ms, found 4 plugins.
Preloading 0 native plugins for Editor in 0.00 ms.
Mono: successfully reloaded assembly
- Completed reload, in  0.654 seconds
Domain Reload Profiling:
	ReloadAssembly (655ms)
		BeginReloadAssembly (93ms)
			ExecutionOrderSort (0ms)
			DisableScriptedObjects (4ms)
			BackupInstance (0ms)
			ReleaseScriptingObjects (0ms)
			CreateAndSetChildDomain (24ms)
		EndReloadAssembly (504ms)
			LoadAssemblies (59ms)
			RebuildTransferFunctionScriptingTraits (0ms)
			SetupTypeCache (141ms)
			ReleaseScriptCaches (1ms)
			RebuildScriptCaches (29ms)
			SetupLoadedEditorAssemblies (243ms)
				LogAssemblyErrors (0ms)
				InitializePlatformSupportModulesInManaged (4ms)
				SetLoadedEditorAssemblies (0ms)
				RefreshPlugins (1ms)
				BeforeProcessingInitializeOnLoad (48ms)
				ProcessInitializeOnLoadAttributes (163ms)
				ProcessInitializeOnLoadMethodAttributes (25ms)
				AfterProcessingInitializeOnLoad (2ms)
				EditorAssembliesLoaded (0ms)
			ExecutionOrderSort2 (0ms)
			AwakeInstancesAfterBackupRestoration (5ms)
Platform modules already initialized, skipping
Refreshing native plugins compatible for Editor in 1.45 ms, found 4 plugins.
Preloading 0 native plugins for Editor in 0.00 ms.
Unloading 3978 Unused Serialized files (Serialized files now loaded: 0)
Unloading 23 unused Assets / (95.4 KB). Loaded Objects now: 4531.
Memory consumption went from 155.4 MB to 155.3 MB.
Total: 2.702000 ms (FindLiveObjects: 0.228000 ms CreateObjectMapping: 0.164700 ms MarkObjects: 2.278600 ms  DeleteObjects: 0.030000 ms)

AssetImportParameters requested are different than current active one (requested -> active):
  custom:video-decoder-ogg-theora: a1e56fd34408186e4bbccfd4996cb3dc -> 
  custom:container-muxer-webm: aa71ff27fc2769a1b78a27578f13a17b -> 
  custom:container-demuxer-webm: 4f35f7cbe854078d1ac9338744f61a02 -> 
  custom:video-encoder-webm-vp8: eb34c28f22e8b96e1ab97ce403110664 -> 
  custom:audio-encoder-webm-vorbis: bf7c407c2cedff20999df2af8eb42d56 -> 
  custom:framework-win-MediaFoundation: 216162199b28c13a410421893ffa2e32 -> 
  custom:container-demuxer-ogg: 62fdf1f143b41e24485cea50d1cbac27 -> 
  custom:video-decoder-webm-vp8: 9c59270c3fd7afecdb556c50c9e8de78 -> 
  custom:audio-decoder-ogg-vorbis: bf7c407c2cedff20999df2af8eb42d56 -> 
========================================================================
Received Import Request.
  Time since last request: 724.918025 seconds.
  path: Assets/Graphics/FX/Void_Backlight
  artifactKey: Guid(2e66d22d7b5d1ec4f8ac1140bec80d1d) Importer(815301076,1909f56bfc062723c751e8b465ee728b)
Start importing Assets/Graphics/FX/Void_Backlight using Guid(2e66d22d7b5d1ec4f8ac1140bec80d1d) Importer(815301076,1909f56bfc062723c751e8b465ee728b)  -> (artifact id: 'baa070bcf0b904f3b1a7c84cc88b7f5c') in 0.010526 seconds 
========================================================================
Received Import Request.
  Time since last request: 0.062801 seconds.
  path: Assets/Graphics/FX/Void_Backlight/renwubaij_0.png
  artifactKey: Guid(10ab72c7bff26aa4db1c0177bc2cecfa) Importer(815301076,1909f56bfc062723c751e8b465ee728b)
Start importing Assets/Graphics/FX/Void_Backlight/renwubaij_0.png using Guid(10ab72c7bff26aa4db1c0177bc2cecfa) Importer(815301076,1909f56bfc062723c751e8b465ee728b)  -> (artifact id: 'ed02c59666a1a19435bb1657108c5b1d') in 0.144359 seconds 
========================================================================
Received Import Request.
  Time since last request: 0.000014 seconds.
  path: Assets/Graphics/FX/Void_Backlight/renwubaij_22.png
  artifactKey: Guid(8fc4a4b2a63cfef48970ecca08644d77) Importer(815301076,1909f56bfc062723c751e8b465ee728b)
Start importing Assets/Graphics/FX/Void_Backlight/renwubaij_22.png using Guid(8fc4a4b2a63cfef48970ecca08644d77) Importer(815301076,1909f56bfc062723c751e8b465ee728b)  -> (artifact id: '58ce5ae9baecf9d25735458ee0e8b266') in 0.064539 seconds 
========================================================================
Received Import Request.
  Time since last request: 0.000019 seconds.
  path: Assets/Graphics/FX/Void_Backlight/renwubaij_16.png
  artifactKey: Guid(0c4fb954f24cb9c40899d1ba7530c680) Importer(815301076,1909f56bfc062723c751e8b465ee728b)
Start importing Assets/Graphics/FX/Void_Backlight/renwubaij_16.png using Guid(0c4fb954f24cb9c40899d1ba7530c680) Importer(815301076,1909f56bfc062723c751e8b465ee728b)  -> (artifact id: '2f808c3c82c9e24d75685c736b4aae24') in 0.067938 seconds 
========================================================================
Received Import Request.
  Time since last request: 0.000014 seconds.
  path: Assets/Graphics/FX/Void_Backlight/renwubaij_26.png
  artifactKey: Guid(68050f38e2de5074fa243d4bef1dc081) Importer(815301076,1909f56bfc062723c751e8b465ee728b)
Start importing Assets/Graphics/FX/Void_Backlight/renwubaij_26.png using Guid(68050f38e2de5074fa243d4bef1dc081) Importer(815301076,1909f56bfc062723c751e8b465ee728b)  -> (artifact id: '617f8f8a0431db50ed97b8c00bb21ece') in 0.058896 seconds 
========================================================================
Received Import Request.
  Time since last request: 0.000013 seconds.
  path: Assets/Graphics/FX/Void_Backlight/renwubaij_24.png
  artifactKey: Guid(db900cec022e17e4385647c50c13c054) Importer(815301076,1909f56bfc062723c751e8b465ee728b)
Start importing Assets/Graphics/FX/Void_Backlight/renwubaij_24.png using Guid(db900cec022e17e4385647c50c13c054) Importer(815301076,1909f56bfc062723c751e8b465ee728b)  -> (artifact id: 'ba90634dc46b8ac995674b4dd4a914bc') in 0.052251 seconds 
========================================================================
Received Import Request.
  Time since last request: 0.000016 seconds.
  path: Assets/Graphics/FX/Void_Backlight/renwubaij_10.png
  artifactKey: Guid(958bde66562256543884ca8f3a507b30) Importer(815301076,1909f56bfc062723c751e8b465ee728b)
Start importing Assets/Graphics/FX/Void_Backlight/renwubaij_10.png using Guid(958bde66562256543884ca8f3a507b30) Importer(815301076,1909f56bfc062723c751e8b465ee728b)  -> (artifact id: 'c87688453b1a3bb130f81a6c1c83a488') in 0.062790 seconds 
========================================================================
Received Import Request.
  Time since last request: 0.000017 seconds.
  path: Assets/Graphics/FX/Void_Backlight/renwubaij_18.png
  artifactKey: Guid(20962e54c30f6704b8fdb76a376bd212) Importer(815301076,1909f56bfc062723c751e8b465ee728b)
Start importing Assets/Graphics/FX/Void_Backlight/renwubaij_18.png using Guid(20962e54c30f6704b8fdb76a376bd212) Importer(815301076,1909f56bfc062723c751e8b465ee728b)  -> (artifact id: 'c7987236eb53c0ff9115241e0f56497b') in 0.048732 seconds 
========================================================================
Received Import Request.
  Time since last request: 0.000020 seconds.
  path: Assets/Graphics/FX/Void_Backlight/renwubaij_6.png
  artifactKey: Guid(be6bc5c2879afdf45b071c0525b13bf9) Importer(815301076,1909f56bfc062723c751e8b465ee728b)
Start importing Assets/Graphics/FX/Void_Backlight/renwubaij_6.png using Guid(be6bc5c2879afdf45b071c0525b13bf9) Importer(815301076,1909f56bfc062723c751e8b465ee728b)  -> (artifact id: '17bf403cb9683f19f3c6642d1e5497c6') in 0.058512 seconds 
Editor requested this worker to shutdown with reason: Scaling down because of idle timeout
AssetImportWorker is now disconnected from the server
Process exiting
Exiting without the bug reporter. Application will terminate with return code 0