Using pre-set license
Built from '2021.3/staging' branch; Version is '2021.3.22f1 (b6c551784ba3) revision 11978065'; Using compiler version '192829333'; Build Type 'Release'
OS: 'Windows 10  (10.0.19045) 64bit Professional' Language: 'ru' Physical Memory: 32690 MB
BatchMode: 1, IsHumanControllingUs: 0, StartBugReporterOnCrash: 0, Is64bit: 1, IsPro: 1

COMMAND LINE ARGUMENTS:
A:\Unity\2021.3.22f1\Editor\Unity.exe
-adb2
-batchMode
-noUpm
-name
AssetImportWorker1
-projectPath
D:/Unity репозиторий/Learning/Bloodshot
-logFile
Logs/AssetImportWorker1.log
-srvPort
11385
Successfully changed project path to: D:/Unity репозиторий/Learning/Bloodshot
D:/Unity репозиторий/Learning/Bloodshot
[UnityMemory] Configuration Parameters - Can be set up in boot.config
    "memorysetup-bucket-allocator-granularity=16"
    "memorysetup-bucket-allocator-bucket-count=8"
    "memorysetup-bucket-allocator-block-size=33554432"
    "memorysetup-bucket-allocator-block-count=8"
    "memorysetup-main-allocator-block-size=16777216"
    "memorysetup-thread-allocator-block-size=16777216"
    "memorysetup-gfx-main-allocator-block-size=16777216"
    "memorysetup-gfx-thread-allocator-block-size=16777216"
    "memorysetup-cache-allocator-block-size=4194304"
    "memorysetup-typetree-allocator-block-size=2097152"
    "memorysetup-profiler-bucket-allocator-granularity=16"
    "memorysetup-profiler-bucket-allocator-bucket-count=8"
    "memorysetup-profiler-bucket-allocator-block-size=33554432"
    "memorysetup-profiler-bucket-allocator-block-count=8"
    "memorysetup-profiler-allocator-block-size=16777216"
    "memorysetup-profiler-editor-allocator-block-size=1048576"
    "memorysetup-temp-allocator-size-main=16777216"
    "memorysetup-job-temp-allocator-block-size=2097152"
    "memorysetup-job-temp-allocator-block-size-background=1048576"
    "memorysetup-job-temp-allocator-reduction-small-platforms=262144"
    "memorysetup-temp-allocator-size-background-worker=32768"
    "memorysetup-temp-allocator-size-job-worker=262144"
    "memorysetup-temp-allocator-size-preload-manager=33554432"
    "memorysetup-temp-allocator-size-nav-mesh-worker=65536"
    "memorysetup-temp-allocator-size-audio-worker=65536"
    "memorysetup-temp-allocator-size-cloud-worker=32768"
    "memorysetup-temp-allocator-size-gi-baking-worker=262144"
    "memorysetup-temp-allocator-size-gfx=262144"
Player connection [27336] Host "[IP] 192.168.1.5 [Port] 0 [Flags] 2 [Guid] 2904245529 [EditorId] 2904245529 [Version] 1048832 [Id] WindowsEditor(7,DESKTOP-4VOLOPP) [Debug] 1 [PackageName] WindowsEditor [ProjectName] Editor" joined multi-casting on [225.0.0.222:54997]...

Player connection [27336] Host "[IP] 192.168.1.5 [Port] 0 [Flags] 2 [Guid] 2904245529 [EditorId] 2904245529 [Version] 1048832 [Id] WindowsEditor(7,DESKTOP-4VOLOPP) [Debug] 1 [PackageName] WindowsEditor [ProjectName] Editor" joined alternative multi-casting on [225.0.0.222:34997]...

Refreshing native plugins compatible for Editor in 71.24 ms, found 4 plugins.
Preloading 0 native plugins for Editor in 0.00 ms.
Initialize engine version: 2021.3.22f1 (b6c551784ba3)
[Subsystems] Discovering subsystems at path A:/Unity/2021.3.22f1/Editor/Data/Resources/UnitySubsystems
[Subsystems] Discovering subsystems at path D:/Unity репозиторий/Learning/Bloodshot/Assets
GfxDevice: creating device client; threaded=0; jobified=0
Direct3D:
    Version:  Direct3D 11.0 [level 11.1]
    Renderer: NVIDIA GeForce RTX 3060 (ID=0x2504)
    Vendor:   NVIDIA
    VRAM:     12129 MB
    Driver:   31.0.15.3141
Initialize mono
Mono path[0] = 'A:/Unity/2021.3.22f1/Editor/Data/Managed'
Mono path[1] = 'A:/Unity/2021.3.22f1/Editor/Data/MonoBleedingEdge/lib/mono/unityjit-win32'
Mono config path = 'A:/Unity/2021.3.22f1/Editor/Data/MonoBleedingEdge/etc'
Using monoOptions --debugger-agent=transport=dt_socket,embedding=1,server=y,suspend=n,address=127.0.0.1:56080
Begin MonoManager ReloadAssembly
Registering precompiled unity dll's ...
Register platform support module: A:/Unity/2021.3.22f1/Editor/Data/PlaybackEngines/WebGLSupport/UnityEditor.WebGL.Extensions.dll
Register platform support module: A:/Unity/2021.3.22f1/Editor/Data/PlaybackEngines/WindowsStandaloneSupport/UnityEditor.WindowsStandalone.Extensions.dll
Registered in 0.002323 seconds.
Native extension for WindowsStandalone target not found
Native extension for WebGL target not found
Refreshing native plugins compatible for Editor in 70.65 ms, found 4 plugins.
Preloading 0 native plugins for Editor in 0.00 ms.
Mono: successfully reloaded assembly
- Completed reload, in  0.454 seconds
Domain Reload Profiling:
	ReloadAssembly (454ms)
		BeginReloadAssembly (61ms)
			ExecutionOrderSort (0ms)
			DisableScriptedObjects (0ms)
			BackupInstance (0ms)
			ReleaseScriptingObjects (0ms)
			CreateAndSetChildDomain (1ms)
		EndReloadAssembly (330ms)
			LoadAssemblies (60ms)
			RebuildTransferFunctionScriptingTraits (0ms)
			SetupTypeCache (68ms)
			ReleaseScriptCaches (0ms)
			RebuildScriptCaches (19ms)
			SetupLoadedEditorAssemblies (210ms)
				LogAssemblyErrors (0ms)
				InitializePlatformSupportModulesInManaged (5ms)
				SetLoadedEditorAssemblies (0ms)
				RefreshPlugins (71ms)
				BeforeProcessingInitializeOnLoad (1ms)
				ProcessInitializeOnLoadAttributes (100ms)
				ProcessInitializeOnLoadMethodAttributes (33ms)
				AfterProcessingInitializeOnLoad (0ms)
				EditorAssembliesLoaded (0ms)
			ExecutionOrderSort2 (0ms)
			AwakeInstancesAfterBackupRestoration (0ms)
Platform modules already initialized, skipping
Registering precompiled user dll's ...
Registered in 0.003381 seconds.
Begin MonoManager ReloadAssembly
Native extension for WindowsStandalone target not found
Native extension for WebGL target not found
Refreshing native plugins compatible for Editor in 66.22 ms, found 4 plugins.
Preloading 0 native plugins for Editor in 0.00 ms.
Mono: successfully reloaded assembly
- Completed reload, in  0.797 seconds
Domain Reload Profiling:
	ReloadAssembly (798ms)
		BeginReloadAssembly (87ms)
			ExecutionOrderSort (0ms)
			DisableScriptedObjects (5ms)
			BackupInstance (0ms)
			ReleaseScriptingObjects (0ms)
			CreateAndSetChildDomain (15ms)
		EndReloadAssembly (635ms)
			LoadAssemblies (62ms)
			RebuildTransferFunctionScriptingTraits (0ms)
			SetupTypeCache (161ms)
			ReleaseScriptCaches (0ms)
			RebuildScriptCaches (43ms)
			SetupLoadedEditorAssemblies (348ms)
				LogAssemblyErrors (0ms)
				InitializePlatformSupportModulesInManaged (3ms)
				SetLoadedEditorAssemblies (0ms)
				RefreshPlugins (66ms)
				BeforeProcessingInitializeOnLoad (65ms)
				ProcessInitializeOnLoadAttributes (185ms)
				ProcessInitializeOnLoadMethodAttributes (26ms)
				AfterProcessingInitializeOnLoad (2ms)
				EditorAssembliesLoaded (0ms)
			ExecutionOrderSort2 (0ms)
			AwakeInstancesAfterBackupRestoration (4ms)
Platform modules already initialized, skipping
========================================================================
Worker process is ready to serve import requests
Launched and connected shader compiler UnityShaderCompiler.exe after 0.03 seconds
Refreshing native plugins compatible for Editor in 0.62 ms, found 4 plugins.
Preloading 0 native plugins for Editor in 0.00 ms.
Unloading 3999 Unused Serialized files (Serialized files now loaded: 0)
Unloading 48 unused Assets / (129.0 KB). Loaded Objects now: 4459.
Memory consumption went from 153.3 MB to 153.2 MB.
Total: 2.356400 ms (FindLiveObjects: 0.197300 ms CreateObjectMapping: 0.124200 ms MarkObjects: 1.964300 ms  DeleteObjects: 0.070000 ms)

AssetImportParameters requested are different than current active one (requested -> active):
  custom:video-decoder-ogg-theora: a1e56fd34408186e4bbccfd4996cb3dc -> 
  custom:container-muxer-webm: aa71ff27fc2769a1b78a27578f13a17b -> 
  custom:container-demuxer-webm: 4f35f7cbe854078d1ac9338744f61a02 -> 
  custom:video-encoder-webm-vp8: eb34c28f22e8b96e1ab97ce403110664 -> 
  custom:audio-encoder-webm-vorbis: bf7c407c2cedff20999df2af8eb42d56 -> 
  custom:framework-win-MediaFoundation: 216162199b28c13a410421893ffa2e32 -> 
  custom:container-demuxer-ogg: 62fdf1f143b41e24485cea50d1cbac27 -> 
  custom:video-decoder-webm-vp8: 9c59270c3fd7afecdb556c50c9e8de78 -> 
  custom:audio-decoder-ogg-vorbis: bf7c407c2cedff20999df2af8eb42d56 -> 
========================================================================
Received Prepare
Registering precompiled user dll's ...
Registered in 0.003668 seconds.
Begin MonoManager ReloadAssembly
Native extension for WindowsStandalone target not found
Native extension for WebGL target not found
Refreshing native plugins compatible for Editor in 0.66 ms, found 4 plugins.
Preloading 0 native plugins for Editor in 0.00 ms.
Mono: successfully reloaded assembly
- Completed reload, in  0.663 seconds
Domain Reload Profiling:
	ReloadAssembly (664ms)
		BeginReloadAssembly (96ms)
			ExecutionOrderSort (0ms)
			DisableScriptedObjects (5ms)
			BackupInstance (0ms)
			ReleaseScriptingObjects (0ms)
			CreateAndSetChildDomain (25ms)
		EndReloadAssembly (502ms)
			LoadAssemblies (60ms)
			RebuildTransferFunctionScriptingTraits (0ms)
			SetupTypeCache (145ms)
			ReleaseScriptCaches (1ms)
			RebuildScriptCaches (30ms)
			SetupLoadedEditorAssemblies (246ms)
				LogAssemblyErrors (0ms)
				InitializePlatformSupportModulesInManaged (4ms)
				SetLoadedEditorAssemblies (0ms)
				RefreshPlugins (1ms)
				BeforeProcessingInitializeOnLoad (48ms)
				ProcessInitializeOnLoadAttributes (168ms)
				ProcessInitializeOnLoadMethodAttributes (24ms)
				AfterProcessingInitializeOnLoad (2ms)
				EditorAssembliesLoaded (0ms)
			ExecutionOrderSort2 (0ms)
			AwakeInstancesAfterBackupRestoration (5ms)
Platform modules already initialized, skipping
Refreshing native plugins compatible for Editor in 1.46 ms, found 4 plugins.
Preloading 0 native plugins for Editor in 0.00 ms.
Unloading 3975 Unused Serialized files (Serialized files now loaded: 0)
Unloading 23 unused Assets / (95.3 KB). Loaded Objects now: 4474.
Memory consumption went from 150.7 MB to 150.6 MB.
Total: 2.623100 ms (FindLiveObjects: 0.194000 ms CreateObjectMapping: 0.116000 ms MarkObjects: 2.288400 ms  DeleteObjects: 0.024000 ms)

AssetImportParameters requested are different than current active one (requested -> active):
  custom:video-decoder-ogg-theora: a1e56fd34408186e4bbccfd4996cb3dc -> 
  custom:container-muxer-webm: aa71ff27fc2769a1b78a27578f13a17b -> 
  custom:container-demuxer-webm: 4f35f7cbe854078d1ac9338744f61a02 -> 
  custom:video-encoder-webm-vp8: eb34c28f22e8b96e1ab97ce403110664 -> 
  custom:audio-encoder-webm-vorbis: bf7c407c2cedff20999df2af8eb42d56 -> 
  custom:framework-win-MediaFoundation: 216162199b28c13a410421893ffa2e32 -> 
  custom:container-demuxer-ogg: 62fdf1f143b41e24485cea50d1cbac27 -> 
  custom:video-decoder-webm-vp8: 9c59270c3fd7afecdb556c50c9e8de78 -> 
  custom:audio-decoder-ogg-vorbis: bf7c407c2cedff20999df2af8eb42d56 -> 
========================================================================
Received Prepare
Registering precompiled user dll's ...
Registered in 0.002965 seconds.
Begin MonoManager ReloadAssembly
Native extension for WindowsStandalone target not found
Native extension for WebGL target not found
Refreshing native plugins compatible for Editor in 0.73 ms, found 4 plugins.
Preloading 0 native plugins for Editor in 0.00 ms.
Mono: successfully reloaded assembly
- Completed reload, in  0.685 seconds
Domain Reload Profiling:
	ReloadAssembly (685ms)
		BeginReloadAssembly (95ms)
			ExecutionOrderSort (0ms)
			DisableScriptedObjects (5ms)
			BackupInstance (0ms)
			ReleaseScriptingObjects (0ms)
			CreateAndSetChildDomain (25ms)
		EndReloadAssembly (523ms)
			LoadAssemblies (58ms)
			RebuildTransferFunctionScriptingTraits (0ms)
			SetupTypeCache (149ms)
			ReleaseScriptCaches (1ms)
			RebuildScriptCaches (33ms)
			SetupLoadedEditorAssemblies (253ms)
				LogAssemblyErrors (0ms)
				InitializePlatformSupportModulesInManaged (4ms)
				SetLoadedEditorAssemblies (0ms)
				RefreshPlugins (1ms)
				BeforeProcessingInitializeOnLoad (49ms)
				ProcessInitializeOnLoadAttributes (169ms)
				ProcessInitializeOnLoadMethodAttributes (28ms)
				AfterProcessingInitializeOnLoad (2ms)
				EditorAssembliesLoaded (0ms)
			ExecutionOrderSort2 (0ms)
			AwakeInstancesAfterBackupRestoration (5ms)
Platform modules already initialized, skipping
Refreshing native plugins compatible for Editor in 1.65 ms, found 4 plugins.
Preloading 0 native plugins for Editor in 0.00 ms.
Unloading 3975 Unused Serialized files (Serialized files now loaded: 0)
Unloading 23 unused Assets / (95.4 KB). Loaded Objects now: 4489.
Memory consumption went from 150.8 MB to 150.7 MB.
Total: 2.498900 ms (FindLiveObjects: 0.221000 ms CreateObjectMapping: 0.131200 ms MarkObjects: 2.120700 ms  DeleteObjects: 0.025600 ms)

AssetImportParameters requested are different than current active one (requested -> active):
  custom:video-decoder-ogg-theora: a1e56fd34408186e4bbccfd4996cb3dc -> 
  custom:container-muxer-webm: aa71ff27fc2769a1b78a27578f13a17b -> 
  custom:container-demuxer-webm: 4f35f7cbe854078d1ac9338744f61a02 -> 
  custom:video-encoder-webm-vp8: eb34c28f22e8b96e1ab97ce403110664 -> 
  custom:audio-encoder-webm-vorbis: bf7c407c2cedff20999df2af8eb42d56 -> 
  custom:framework-win-MediaFoundation: 216162199b28c13a410421893ffa2e32 -> 
  custom:container-demuxer-ogg: 62fdf1f143b41e24485cea50d1cbac27 -> 
  custom:video-decoder-webm-vp8: 9c59270c3fd7afecdb556c50c9e8de78 -> 
  custom:audio-decoder-ogg-vorbis: bf7c407c2cedff20999df2af8eb42d56 -> 
========================================================================
Received Import Request.
  Time since last request: 666779.945251 seconds.
  path: Assets/Audio/Background music/BGM_crawl in the dark.mp3
  artifactKey: Guid(8b79e962044a26741976608820e73518) Importer(815301076,1909f56bfc062723c751e8b465ee728b)
Start importing Assets/Audio/Background music/BGM_crawl in the dark.mp3 using Guid(8b79e962044a26741976608820e73518) Importer(815301076,1909f56bfc062723c751e8b465ee728b)  -> (artifact id: '267c9a24b3e07166982c04faeec411ad') in 0.124229 seconds 
========================================================================
Received Import Request.
  Time since last request: 0.000021 seconds.
  path: Assets/Audio/Sound effects/sfx_bankai.mp3
  artifactKey: Guid(8dc8fde242a12544eb5c14646271a2fb) Importer(815301076,1909f56bfc062723c751e8b465ee728b)
Start importing Assets/Audio/Sound effects/sfx_bankai.mp3 using Guid(8dc8fde242a12544eb5c14646271a2fb) Importer(815301076,1909f56bfc062723c751e8b465ee728b)  -> (artifact id: '8525e43d3b9ebd175f20fee386e9c938') in 0.050816 seconds 
========================================================================
Received Import Request.
  Time since last request: 0.000024 seconds.
  path: Assets/Audio/Sound effects/sfx_skeleton_bones.ogg
  artifactKey: Guid(9fc85d42054705b4fb24c2a09dee6994) Importer(815301076,1909f56bfc062723c751e8b465ee728b)
Start importing Assets/Audio/Sound effects/sfx_skeleton_bones.ogg using Guid(9fc85d42054705b4fb24c2a09dee6994) Importer(815301076,1909f56bfc062723c751e8b465ee728b)  -> (artifact id: '54b68750f120fa4ee27036e9f8c76875') in 0.014978 seconds 
========================================================================
Received Import Request.
  Time since last request: 0.000018 seconds.
  path: Assets/Audio/Sound effects/sfx_woman struggle 2.mp3
  artifactKey: Guid(5e4fb6b768f40014095f965ef5fe5639) Importer(815301076,1909f56bfc062723c751e8b465ee728b)
Start importing Assets/Audio/Sound effects/sfx_woman struggle 2.mp3 using Guid(5e4fb6b768f40014095f965ef5fe5639) Importer(815301076,1909f56bfc062723c751e8b465ee728b)  -> (artifact id: 'bb01520d914447fc5b0d6310b57cbd9d') in 0.008342 seconds 
========================================================================
Received Import Request.
  Time since last request: 0.000014 seconds.
  path: Assets/Audio/Sound effects/sfx_attack3.mp3
  artifactKey: Guid(2e96f80570da1214bbedf344e4dff00d) Importer(815301076,1909f56bfc062723c751e8b465ee728b)
Start importing Assets/Audio/Sound effects/sfx_attack3.mp3 using Guid(2e96f80570da1214bbedf344e4dff00d) Importer(815301076,1909f56bfc062723c751e8b465ee728b)  -> (artifact id: '3b1b71e8bef9426a2b8f4648ed711d17') in 0.016205 seconds 
========================================================================
Received Import Request.
  Time since last request: 0.000014 seconds.
  path: Assets/Audio/Sound effects/sfx_attack4.mp3
  artifactKey: Guid(292633851d735114f86a433b72478c0e) Importer(815301076,1909f56bfc062723c751e8b465ee728b)
Start importing Assets/Audio/Sound effects/sfx_attack4.mp3 using Guid(292633851d735114f86a433b72478c0e) Importer(815301076,1909f56bfc062723c751e8b465ee728b)  -> (artifact id: 'b4a720a4e147bcc855cf9bee3ab67057') in 0.012830 seconds 
========================================================================
Received Import Request.
  Time since last request: 0.000016 seconds.
  path: Assets/Audio/Sound effects/sfx_quick time event key.mp3
  artifactKey: Guid(958e557551add1942b2b7f01d8c154a8) Importer(815301076,1909f56bfc062723c751e8b465ee728b)
Start importing Assets/Audio/Sound effects/sfx_quick time event key.mp3 using Guid(958e557551add1942b2b7f01d8c154a8) Importer(815301076,1909f56bfc062723c751e8b465ee728b)  -> (artifact id: 'fe30bcf526f8f9feb7acff9016788880') in 0.023309 seconds 
========================================================================
Received Import Request.
  Time since last request: 0.000015 seconds.
  path: Assets/Audio/Sound effects/sfx_woman sigh 2.mp3
  artifactKey: Guid(afa80e68369280c41b1b4506ea140b9d) Importer(815301076,1909f56bfc062723c751e8b465ee728b)
Start importing Assets/Audio/Sound effects/sfx_woman sigh 2.mp3 using Guid(afa80e68369280c41b1b4506ea140b9d) Importer(815301076,1909f56bfc062723c751e8b465ee728b)  -> (artifact id: '1527a242c053953c58edad3399e76c5a') in 0.006888 seconds 
========================================================================
Received Import Request.
  Time since last request: 0.000021 seconds.
  path: Assets/Audio/Sound effects/sfx_checkpoint.mp3
  artifactKey: Guid(f283eec2bc9bdbe46aa9e2962f22dc23) Importer(815301076,1909f56bfc062723c751e8b465ee728b)
Start importing Assets/Audio/Sound effects/sfx_checkpoint.mp3 using Guid(f283eec2bc9bdbe46aa9e2962f22dc23) Importer(815301076,1909f56bfc062723c751e8b465ee728b)  -> (artifact id: '13539781eae35a0cf4b70bef91104999') in 0.011421 seconds 
========================================================================
Received Import Request.
  Time since last request: 0.000019 seconds.
  path: Assets/Audio/Sound effects/sfx_click.mp3
  artifactKey: Guid(09203079898303140a806f6507022d32) Importer(815301076,1909f56bfc062723c751e8b465ee728b)
Start importing Assets/Audio/Sound effects/sfx_click.mp3 using Guid(09203079898303140a806f6507022d32) Importer(815301076,1909f56bfc062723c751e8b465ee728b)  -> (artifact id: 'a851a42701aca05fb7fcdebfc8965cfc') in 0.007759 seconds 
========================================================================
Received Import Request.
  Time since last request: 0.000017 seconds.
  path: Assets/Audio/Sound effects/sfx_attack1.mp3
  artifactKey: Guid(dadc9b6883f1eca4e9325f2b20929dd2) Importer(815301076,1909f56bfc062723c751e8b465ee728b)
Start importing Assets/Audio/Sound effects/sfx_attack1.mp3 using Guid(dadc9b6883f1eca4e9325f2b20929dd2) Importer(815301076,1909f56bfc062723c751e8b465ee728b)  -> (artifact id: '169bc5606973846424d1ee4f413e1782') in 0.007580 seconds 
========================================================================
Received Import Request.
  Time since last request: 0.000015 seconds.
  path: Assets/Audio/Sound effects/sfx_evil voice.mp3
  artifactKey: Guid(84c106569adbeaf49a72263dab00d3fc) Importer(815301076,1909f56bfc062723c751e8b465ee728b)
Start importing Assets/Audio/Sound effects/sfx_evil voice.mp3 using Guid(84c106569adbeaf49a72263dab00d3fc) Importer(815301076,1909f56bfc062723c751e8b465ee728b)  -> (artifact id: 'f9940c6558fbc692343d1ce58e156c19') in 0.007852 seconds 
========================================================================
Received Import Request.
  Time since last request: 0.000015 seconds.
  path: Assets/Audio/Sound effects/sfx_attack2.mp3
  artifactKey: Guid(8e11a102b04af384a9ac6eef8cf48412) Importer(815301076,1909f56bfc062723c751e8b465ee728b)
Start importing Assets/Audio/Sound effects/sfx_attack2.mp3 using Guid(8e11a102b04af384a9ac6eef8cf48412) Importer(815301076,1909f56bfc062723c751e8b465ee728b)  -> (artifact id: '6e2f81143a0784cf5b5cc8fa7b5f0a00') in 0.007641 seconds 
========================================================================
Received Import Request.
  Time since last request: 0.000015 seconds.
  path: Assets/Audio/Sound effects/sfx_woman sigh 3.mp3
  artifactKey: Guid(031913b601fc9b54b956557619752108) Importer(815301076,1909f56bfc062723c751e8b465ee728b)
Start importing Assets/Audio/Sound effects/sfx_woman sigh 3.mp3 using Guid(031913b601fc9b54b956557619752108) Importer(815301076,1909f56bfc062723c751e8b465ee728b)  -> (artifact id: 'feb1e6ac04a91a36a8541ca2eca9e0f9') in 0.007650 seconds 
========================================================================
Received Import Request.
  Time since last request: 0.000017 seconds.
  path: Assets/Audio/Sound effects/sfx_clock tick .mp3
  artifactKey: Guid(5564ef294084e46458f8c07b17e916bc) Importer(815301076,1909f56bfc062723c751e8b465ee728b)
Start importing Assets/Audio/Sound effects/sfx_clock tick .mp3 using Guid(5564ef294084e46458f8c07b17e916bc) Importer(815301076,1909f56bfc062723c751e8b465ee728b)  -> (artifact id: 'aa77a09d470a43c92bff424d7d1bd075') in 0.007699 seconds 
========================================================================
Received Import Request.
  Time since last request: 0.000016 seconds.
  path: Assets/Audio/Sound effects/sfx_sword throw 2.mp3
  artifactKey: Guid(cc69f84686e78c44ba1fb0972705a451) Importer(815301076,1909f56bfc062723c751e8b465ee728b)
Start importing Assets/Audio/Sound effects/sfx_sword throw 2.mp3 using Guid(cc69f84686e78c44ba1fb0972705a451) Importer(815301076,1909f56bfc062723c751e8b465ee728b)  -> (artifact id: '93fed754ed6423f73355469d7c7a5f6b') in 0.007056 seconds 
========================================================================
Received Import Request.
  Time since last request: 0.000017 seconds.
  path: Assets/Audio/Sound effects/sfx_throw sword.mp3
  artifactKey: Guid(24844792cb2f4f74dac1ad98e998a975) Importer(815301076,1909f56bfc062723c751e8b465ee728b)
Start importing Assets/Audio/Sound effects/sfx_throw sword.mp3 using Guid(24844792cb2f4f74dac1ad98e998a975) Importer(815301076,1909f56bfc062723c751e8b465ee728b)  -> (artifact id: 'a7e6dbb64b97851c423ce1cefe16e108') in 0.007601 seconds 
========================================================================
Received Import Request.
  Time since last request: 0.000017 seconds.
  path: Assets/Audio/Background music/BGM_nemesis.mp3
  artifactKey: Guid(b7e50e520924e3a458ddd47dfe5e54ce) Importer(815301076,1909f56bfc062723c751e8b465ee728b)
Start importing Assets/Audio/Background music/BGM_nemesis.mp3 using Guid(b7e50e520924e3a458ddd47dfe5e54ce) Importer(815301076,1909f56bfc062723c751e8b465ee728b)  -> (artifact id: 'ba03886b23296aea29761e524735e452') in 0.007829 seconds 
========================================================================
Received Import Request.
  Time since last request: 0.000022 seconds.
  path: Assets/Audio/Sound effects/sfx_burning.mp3
  artifactKey: Guid(59ab72b481a410642ab99bc8c1e8f6e7) Importer(815301076,1909f56bfc062723c751e8b465ee728b)
Start importing Assets/Audio/Sound effects/sfx_burning.mp3 using Guid(59ab72b481a410642ab99bc8c1e8f6e7) Importer(815301076,1909f56bfc062723c751e8b465ee728b)  -> (artifact id: 'e56af18db44b35e39cbb1ee567487d78') in 0.008002 seconds 
========================================================================
Received Import Request.
  Time since last request: 0.000026 seconds.
  path: Assets/Audio/Sound effects/sfx_thunder strike.mp3
  artifactKey: Guid(1a60778c1cc80f944b0f982682585d7a) Importer(815301076,1909f56bfc062723c751e8b465ee728b)
Start importing Assets/Audio/Sound effects/sfx_thunder strike.mp3 using Guid(1a60778c1cc80f944b0f982682585d7a) Importer(815301076,1909f56bfc062723c751e8b465ee728b)  -> (artifact id: '0e61dc54f301881e7ea9296964dcaf90') in 0.007685 seconds 
========================================================================
Received Import Request.
  Time since last request: 0.000013 seconds.
  path: Assets/Audio/Sound effects/sfx_mosnter_growl_1.mp3
  artifactKey: Guid(d4c4dbbd2cd3d7549bd1b115c55b5dd6) Importer(815301076,1909f56bfc062723c751e8b465ee728b)
Start importing Assets/Audio/Sound effects/sfx_mosnter_growl_1.mp3 using Guid(d4c4dbbd2cd3d7549bd1b115c55b5dd6) Importer(815301076,1909f56bfc062723c751e8b465ee728b)  -> (artifact id: '57881c939b9e4d6799a39f84ac787939') in 0.007464 seconds 
========================================================================
Received Import Request.
  Time since last request: 0.000018 seconds.
  path: Assets/Audio/Sound effects/sfx_woman sigh.mp3
  artifactKey: Guid(de41eb4d867fa414ab8a34b9dcb43afb) Importer(815301076,1909f56bfc062723c751e8b465ee728b)
Start importing Assets/Audio/Sound effects/sfx_woman sigh.mp3 using Guid(de41eb4d867fa414ab8a34b9dcb43afb) Importer(815301076,1909f56bfc062723c751e8b465ee728b)  -> (artifact id: '37e7e2c1d6d1ca81fe8d67693b0c3601') in 0.008292 seconds 
========================================================================
Received Import Request.
  Time since last request: 0.000017 seconds.
  path: Assets/Audio/Sound effects/sfx_monster_breathing.wav
  artifactKey: Guid(23c981de48e63ed4eb6d8dfe78390127) Importer(815301076,1909f56bfc062723c751e8b465ee728b)
Start importing Assets/Audio/Sound effects/sfx_monster_breathing.wav using Guid(23c981de48e63ed4eb6d8dfe78390127) Importer(815301076,1909f56bfc062723c751e8b465ee728b)  -> (artifact id: 'c78b2786da73f510dc61bfb475b371e8') in 0.008422 seconds 
Editor requested this worker to shutdown with reason: Scaling down because of idle timeout
AssetImportWorker is now disconnected from the server
Process exiting
Exiting without the bug reporter. Application will terminate with return code 0