Using pre-set license
Built from '2021.3/staging' branch; Version is '2021.3.22f1 (b6c551784ba3) revision 11978065'; Using compiler version '192829333'; Build Type 'Release'
OS: 'Windows 10  (10.0.19045) 64bit Professional' Language: 'ru' Physical Memory: 32690 MB
BatchMode: 1, IsHumanControllingUs: 0, StartBugReporterOnCrash: 0, Is64bit: 1, IsPro: 1

COMMAND LINE ARGUMENTS:
A:\Unity\2021.3.22f1\Editor\Unity.exe
-adb2
-batchMode
-noUpm
-name
AssetImportWorker11
-projectPath
D:/Unity репозиторий/Learning/Bloodshot
-logFile
Logs/AssetImportWorker11.log
-srvPort
7908
Successfully changed project path to: D:/Unity репозиторий/Learning/Bloodshot
D:/Unity репозиторий/Learning/Bloodshot
[UnityMemory] Configuration Parameters - Can be set up in boot.config
    "memorysetup-bucket-allocator-granularity=16"
    "memorysetup-bucket-allocator-bucket-count=8"
    "memorysetup-bucket-allocator-block-size=33554432"
    "memorysetup-bucket-allocator-block-count=8"
    "memorysetup-main-allocator-block-size=16777216"
    "memorysetup-thread-allocator-block-size=16777216"
    "memorysetup-gfx-main-allocator-block-size=16777216"
    "memorysetup-gfx-thread-allocator-block-size=16777216"
    "memorysetup-cache-allocator-block-size=4194304"
    "memorysetup-typetree-allocator-block-size=2097152"
    "memorysetup-profiler-bucket-allocator-granularity=16"
    "memorysetup-profiler-bucket-allocator-bucket-count=8"
    "memorysetup-profiler-bucket-allocator-block-size=33554432"
    "memorysetup-profiler-bucket-allocator-block-count=8"
    "memorysetup-profiler-allocator-block-size=16777216"
    "memorysetup-profiler-editor-allocator-block-size=1048576"
    "memorysetup-temp-allocator-size-main=16777216"
    "memorysetup-job-temp-allocator-block-size=2097152"
    "memorysetup-job-temp-allocator-block-size-background=1048576"
    "memorysetup-job-temp-allocator-reduction-small-platforms=262144"
    "memorysetup-temp-allocator-size-background-worker=32768"
    "memorysetup-temp-allocator-size-job-worker=262144"
    "memorysetup-temp-allocator-size-preload-manager=33554432"
    "memorysetup-temp-allocator-size-nav-mesh-worker=65536"
    "memorysetup-temp-allocator-size-audio-worker=65536"
    "memorysetup-temp-allocator-size-cloud-worker=32768"
    "memorysetup-temp-allocator-size-gi-baking-worker=262144"
    "memorysetup-temp-allocator-size-gfx=262144"
Player connection [20284] Host "[IP] 192.168.1.5 [Port] 0 [Flags] 2 [Guid] 3056112571 [EditorId] 3056112571 [Version] 1048832 [Id] WindowsEditor(7,DESKTOP-4VOLOPP) [Debug] 1 [PackageName] WindowsEditor [ProjectName] Editor" joined multi-casting on [225.0.0.222:54997]...

Player connection [20284] Host "[IP] 192.168.1.5 [Port] 0 [Flags] 2 [Guid] 3056112571 [EditorId] 3056112571 [Version] 1048832 [Id] WindowsEditor(7,DESKTOP-4VOLOPP) [Debug] 1 [PackageName] WindowsEditor [ProjectName] Editor" joined alternative multi-casting on [225.0.0.222:34997]...

Refreshing native plugins compatible for Editor in 71.04 ms, found 4 plugins.
Preloading 0 native plugins for Editor in 0.00 ms.
Initialize engine version: 2021.3.22f1 (b6c551784ba3)
[Subsystems] Discovering subsystems at path A:/Unity/2021.3.22f1/Editor/Data/Resources/UnitySubsystems
[Subsystems] Discovering subsystems at path D:/Unity репозиторий/Learning/Bloodshot/Assets
GfxDevice: creating device client; threaded=0; jobified=0
Direct3D:
    Version:  Direct3D 11.0 [level 11.1]
    Renderer: NVIDIA GeForce RTX 3060 (ID=0x2504)
    Vendor:   NVIDIA
    VRAM:     12129 MB
    Driver:   31.0.15.3141
Initialize mono
Mono path[0] = 'A:/Unity/2021.3.22f1/Editor/Data/Managed'
Mono path[1] = 'A:/Unity/2021.3.22f1/Editor/Data/MonoBleedingEdge/lib/mono/unityjit-win32'
Mono config path = 'A:/Unity/2021.3.22f1/Editor/Data/MonoBleedingEdge/etc'
Using monoOptions --debugger-agent=transport=dt_socket,embedding=1,server=y,suspend=n,address=127.0.0.1:56400
Begin MonoManager ReloadAssembly
Registering precompiled unity dll's ...
Register platform support module: A:/Unity/2021.3.22f1/Editor/Data/PlaybackEngines/WebGLSupport/UnityEditor.WebGL.Extensions.dll
Register platform support module: A:/Unity/2021.3.22f1/Editor/Data/PlaybackEngines/WindowsStandaloneSupport/UnityEditor.WindowsStandalone.Extensions.dll
Registered in 0.002592 seconds.
Native extension for WindowsStandalone target not found
Native extension for WebGL target not found
Refreshing native plugins compatible for Editor in 63.62 ms, found 4 plugins.
Preloading 0 native plugins for Editor in 0.00 ms.
Mono: successfully reloaded assembly
- Completed reload, in  0.438 seconds
Domain Reload Profiling:
	ReloadAssembly (438ms)
		BeginReloadAssembly (59ms)
			ExecutionOrderSort (0ms)
			DisableScriptedObjects (0ms)
			BackupInstance (0ms)
			ReleaseScriptingObjects (0ms)
			CreateAndSetChildDomain (1ms)
		EndReloadAssembly (315ms)
			LoadAssemblies (58ms)
			RebuildTransferFunctionScriptingTraits (0ms)
			SetupTypeCache (67ms)
			ReleaseScriptCaches (0ms)
			RebuildScriptCaches (21ms)
			SetupLoadedEditorAssemblies (193ms)
				LogAssemblyErrors (0ms)
				InitializePlatformSupportModulesInManaged (6ms)
				SetLoadedEditorAssemblies (0ms)
				RefreshPlugins (64ms)
				BeforeProcessingInitializeOnLoad (1ms)
				ProcessInitializeOnLoadAttributes (89ms)
				ProcessInitializeOnLoadMethodAttributes (33ms)
				AfterProcessingInitializeOnLoad (0ms)
				EditorAssembliesLoaded (0ms)
			ExecutionOrderSort2 (0ms)
			AwakeInstancesAfterBackupRestoration (0ms)
Platform modules already initialized, skipping
Registering precompiled user dll's ...
Registered in 0.003350 seconds.
Begin MonoManager ReloadAssembly
Symbol file LoadedFromMemory doesn't match image D:\Unity репозиторий\Learning\Bloodshot\Library\PackageCache\com.unity.visualscripting@1.8.0\Editor\VisualScripting.Core\Dependencies\YamlDotNet\Unity.VisualScripting.YamlDotNet.dll
Symbol file LoadedFromMemory doesn't match image D:\Unity репозиторий\Learning\Bloodshot\Library\PackageCache\com.unity.visualscripting@1.8.0\Editor\VisualScripting.Core\Dependencies\DotNetZip\Unity.VisualScripting.IonicZip.dll
Native extension for WindowsStandalone target not found
Native extension for WebGL target not found
Refreshing native plugins compatible for Editor in 67.38 ms, found 4 plugins.
Preloading 0 native plugins for Editor in 0.00 ms.
Mono: successfully reloaded assembly
- Completed reload, in  0.794 seconds
Domain Reload Profiling:
	ReloadAssembly (795ms)
		BeginReloadAssembly (81ms)
			ExecutionOrderSort (0ms)
			DisableScriptedObjects (4ms)
			BackupInstance (0ms)
			ReleaseScriptingObjects (0ms)
			CreateAndSetChildDomain (14ms)
		EndReloadAssembly (642ms)
			LoadAssemblies (63ms)
			RebuildTransferFunctionScriptingTraits (0ms)
			SetupTypeCache (168ms)
			ReleaseScriptCaches (0ms)
			RebuildScriptCaches (40ms)
			SetupLoadedEditorAssemblies (344ms)
				LogAssemblyErrors (0ms)
				InitializePlatformSupportModulesInManaged (3ms)
				SetLoadedEditorAssemblies (0ms)
				RefreshPlugins (67ms)
				BeforeProcessingInitializeOnLoad (65ms)
				ProcessInitializeOnLoadAttributes (182ms)
				ProcessInitializeOnLoadMethodAttributes (25ms)
				AfterProcessingInitializeOnLoad (2ms)
				EditorAssembliesLoaded (0ms)
			ExecutionOrderSort2 (0ms)
			AwakeInstancesAfterBackupRestoration (5ms)
Platform modules already initialized, skipping
========================================================================
Worker process is ready to serve import requests
Launched and connected shader compiler UnityShaderCompiler.exe after 0.03 seconds
Refreshing native plugins compatible for Editor in 0.74 ms, found 4 plugins.
Preloading 0 native plugins for Editor in 0.00 ms.
Unloading 4002 Unused Serialized files (Serialized files now loaded: 0)
Unloading 48 unused Assets / (129.0 KB). Loaded Objects now: 4463.
Memory consumption went from 153.5 MB to 153.4 MB.
Total: 2.918500 ms (FindLiveObjects: 0.220900 ms CreateObjectMapping: 0.083700 ms MarkObjects: 2.543800 ms  DeleteObjects: 0.069400 ms)

AssetImportParameters requested are different than current active one (requested -> active):
  custom:video-decoder-ogg-theora: a1e56fd34408186e4bbccfd4996cb3dc -> 
  custom:container-muxer-webm: aa71ff27fc2769a1b78a27578f13a17b -> 
  custom:container-demuxer-webm: 4f35f7cbe854078d1ac9338744f61a02 -> 
  custom:video-encoder-webm-vp8: eb34c28f22e8b96e1ab97ce403110664 -> 
  custom:audio-encoder-webm-vorbis: bf7c407c2cedff20999df2af8eb42d56 -> 
  custom:framework-win-MediaFoundation: 216162199b28c13a410421893ffa2e32 -> 
  custom:container-demuxer-ogg: 62fdf1f143b41e24485cea50d1cbac27 -> 
  custom:video-decoder-webm-vp8: 9c59270c3fd7afecdb556c50c9e8de78 -> 
  custom:audio-decoder-ogg-vorbis: bf7c407c2cedff20999df2af8eb42d56 -> 
========================================================================
Received Import Request.
  Time since last request: 751739.220816 seconds.
  path: Assets/Graphics/FX/Void_Backlight/renwubaij_0.png
  artifactKey: Guid(10ab72c7bff26aa4db1c0177bc2cecfa) Importer(815301076,1909f56bfc062723c751e8b465ee728b)
Start importing Assets/Graphics/FX/Void_Backlight/renwubaij_0.png using Guid(10ab72c7bff26aa4db1c0177bc2cecfa) Importer(815301076,1909f56bfc062723c751e8b465ee728b)  -> (artifact id: '8899b14aed94683ba7146c52182b516b') in 0.137726 seconds 
========================================================================
Received Import Request.
  Time since last request: 0.000022 seconds.
  path: Assets/Graphics/FX/Void_Backlight/renwubaij_26.png
  artifactKey: Guid(68050f38e2de5074fa243d4bef1dc081) Importer(815301076,1909f56bfc062723c751e8b465ee728b)
Start importing Assets/Graphics/FX/Void_Backlight/renwubaij_26.png using Guid(68050f38e2de5074fa243d4bef1dc081) Importer(815301076,1909f56bfc062723c751e8b465ee728b)  -> (artifact id: '70dfb83e4b6942f188ed575f5d7c2754') in 0.043602 seconds 
========================================================================
Received Import Request.
  Time since last request: 0.000030 seconds.
  path: Assets/Graphics/FX/Void_Backlight/renwubaij_12.png
  artifactKey: Guid(5c1c5609474696743b45cae65eee5711) Importer(815301076,1909f56bfc062723c751e8b465ee728b)
Start importing Assets/Graphics/FX/Void_Backlight/renwubaij_12.png using Guid(5c1c5609474696743b45cae65eee5711) Importer(815301076,1909f56bfc062723c751e8b465ee728b)  -> (artifact id: 'ed65ae5268be70b78bc01aa7f5e9d605') in 0.041827 seconds 
========================================================================
Received Import Request.
  Time since last request: 13.155333 seconds.
  path: Assets/Graphics/FX/Void_Backlight/renwubaij_0.png
  artifactKey: Guid(10ab72c7bff26aa4db1c0177bc2cecfa) Importer(815301076,1909f56bfc062723c751e8b465ee728b)
Start importing Assets/Graphics/FX/Void_Backlight/renwubaij_0.png using Guid(10ab72c7bff26aa4db1c0177bc2cecfa) Importer(815301076,1909f56bfc062723c751e8b465ee728b)  -> (artifact id: '43f2a7b2941032dfc9963c1c2be9ca4a') in 0.046709 seconds 
========================================================================
Received Import Request.
  Time since last request: 0.000020 seconds.
  path: Assets/Graphics/FX/Void_Backlight/renwubaij_8.png
  artifactKey: Guid(d8410b5183f3f4f459f4643a8d4fdf26) Importer(815301076,1909f56bfc062723c751e8b465ee728b)
Start importing Assets/Graphics/FX/Void_Backlight/renwubaij_8.png using Guid(d8410b5183f3f4f459f4643a8d4fdf26) Importer(815301076,1909f56bfc062723c751e8b465ee728b)  -> (artifact id: 'c24b2e48ff1e8d85f8b9ecb8c6d04462') in 0.045403 seconds 
========================================================================
Received Import Request.
  Time since last request: 0.000019 seconds.
  path: Assets/Graphics/FX/Void_Backlight/renwubaij_14.png
  artifactKey: Guid(f0cffcd9ce7066e4a836547161338bfd) Importer(815301076,1909f56bfc062723c751e8b465ee728b)
Start importing Assets/Graphics/FX/Void_Backlight/renwubaij_14.png using Guid(f0cffcd9ce7066e4a836547161338bfd) Importer(815301076,1909f56bfc062723c751e8b465ee728b)  -> (artifact id: '76d005d8d6c8e3bc60394101a9c4a2e2') in 0.060029 seconds 
========================================================================
Received Import Request.
  Time since last request: 0.000012 seconds.
  path: Assets/Graphics/FX/Void_Backlight/renwubaij_18.png
  artifactKey: Guid(20962e54c30f6704b8fdb76a376bd212) Importer(815301076,1909f56bfc062723c751e8b465ee728b)
Start importing Assets/Graphics/FX/Void_Backlight/renwubaij_18.png using Guid(20962e54c30f6704b8fdb76a376bd212) Importer(815301076,1909f56bfc062723c751e8b465ee728b)  -> (artifact id: 'e3fac1502daf6c3dabf22bd87dd234e5') in 0.045554 seconds 
========================================================================
Received Import Request.
  Time since last request: 2.779841 seconds.
  path: Assets/Graphics/FX/Void_Backlight/renwubaij_0.png
  artifactKey: Guid(10ab72c7bff26aa4db1c0177bc2cecfa) Importer(815301076,1909f56bfc062723c751e8b465ee728b)
Start importing Assets/Graphics/FX/Void_Backlight/renwubaij_0.png using Guid(10ab72c7bff26aa4db1c0177bc2cecfa) Importer(815301076,1909f56bfc062723c751e8b465ee728b)  -> (artifact id: '00c0240b0aa7a241fc783ade6e65947c') in 0.040122 seconds 
========================================================================
Received Import Request.
  Time since last request: 222.121437 seconds.
  path: Assets/Graphics/FX/Void_Backlight/renwubaij_0.png
  artifactKey: Guid(10ab72c7bff26aa4db1c0177bc2cecfa) Importer(815301076,1909f56bfc062723c751e8b465ee728b)
Start importing Assets/Graphics/FX/Void_Backlight/renwubaij_0.png using Guid(10ab72c7bff26aa4db1c0177bc2cecfa) Importer(815301076,1909f56bfc062723c751e8b465ee728b)  -> (artifact id: 'eaaad8b53eadcbedfd1d90f6f5e3f399') in 0.047748 seconds 
========================================================================
Received Import Request.
  Time since last request: 0.000015 seconds.
  path: Assets/Graphics/FX/Void_Backlight/renwubaij_8.png
  artifactKey: Guid(d8410b5183f3f4f459f4643a8d4fdf26) Importer(815301076,1909f56bfc062723c751e8b465ee728b)
Start importing Assets/Graphics/FX/Void_Backlight/renwubaij_8.png using Guid(d8410b5183f3f4f459f4643a8d4fdf26) Importer(815301076,1909f56bfc062723c751e8b465ee728b)  -> (artifact id: '01ccdc318b59ad8f4a7bf198594c2f52') in 0.043098 seconds 
========================================================================
Received Import Request.
  Time since last request: 0.000014 seconds.
  path: Assets/Graphics/FX/Void_Backlight/renwubaij_20.png
  artifactKey: Guid(277b82bd2ab46e240ab2fcbdd18ff279) Importer(815301076,1909f56bfc062723c751e8b465ee728b)
Start importing Assets/Graphics/FX/Void_Backlight/renwubaij_20.png using Guid(277b82bd2ab46e240ab2fcbdd18ff279) Importer(815301076,1909f56bfc062723c751e8b465ee728b)  -> (artifact id: '3b7692b312d94353b54a63f533ddc88b') in 0.042238 seconds 
========================================================================
Received Import Request.
  Time since last request: 0.000020 seconds.
  path: Assets/Graphics/FX/Void_Backlight/renwubaij_26.png
  artifactKey: Guid(68050f38e2de5074fa243d4bef1dc081) Importer(815301076,1909f56bfc062723c751e8b465ee728b)
Start importing Assets/Graphics/FX/Void_Backlight/renwubaij_26.png using Guid(68050f38e2de5074fa243d4bef1dc081) Importer(815301076,1909f56bfc062723c751e8b465ee728b)  -> (artifact id: 'b264ae33906cb95084d5dcbe31321edc') in 0.044089 seconds 
========================================================================
Received Import Request.
  Time since last request: 0.000012 seconds.
  path: Assets/Graphics/FX/Void_Backlight/renwubaij_24.png
  artifactKey: Guid(db900cec022e17e4385647c50c13c054) Importer(815301076,1909f56bfc062723c751e8b465ee728b)
Start importing Assets/Graphics/FX/Void_Backlight/renwubaij_24.png using Guid(db900cec022e17e4385647c50c13c054) Importer(815301076,1909f56bfc062723c751e8b465ee728b)  -> (artifact id: 'c97e868e17070ad31c940dfb849b5c26') in 0.042037 seconds 
========================================================================
Received Import Request.
  Time since last request: 0.000015 seconds.
  path: Assets/Graphics/FX/Void_Backlight/renwubaij_10.png
  artifactKey: Guid(958bde66562256543884ca8f3a507b30) Importer(815301076,1909f56bfc062723c751e8b465ee728b)
Start importing Assets/Graphics/FX/Void_Backlight/renwubaij_10.png using Guid(958bde66562256543884ca8f3a507b30) Importer(815301076,1909f56bfc062723c751e8b465ee728b)  -> (artifact id: '377f0b9f1222d4eeedb65bea3fd113d1') in 0.045206 seconds 
========================================================================
Received Import Request.
  Time since last request: 0.000014 seconds.
  path: Assets/Graphics/FX/Void_Backlight/renwubaij_18.png
  artifactKey: Guid(20962e54c30f6704b8fdb76a376bd212) Importer(815301076,1909f56bfc062723c751e8b465ee728b)
Start importing Assets/Graphics/FX/Void_Backlight/renwubaij_18.png using Guid(20962e54c30f6704b8fdb76a376bd212) Importer(815301076,1909f56bfc062723c751e8b465ee728b)  -> (artifact id: 'ab9c1e24ef377038f9cde87f020b65b9') in 0.043690 seconds 
========================================================================
Received Import Request.
  Time since last request: 0.000015 seconds.
  path: Assets/Graphics/FX/Void_Backlight/renwubaij_6.png
  artifactKey: Guid(be6bc5c2879afdf45b071c0525b13bf9) Importer(815301076,1909f56bfc062723c751e8b465ee728b)
Start importing Assets/Graphics/FX/Void_Backlight/renwubaij_6.png using Guid(be6bc5c2879afdf45b071c0525b13bf9) Importer(815301076,1909f56bfc062723c751e8b465ee728b)  -> (artifact id: 'd4c0146ee624cd77ec8d04f974a50b0e') in 0.044173 seconds 
========================================================================
Received Prepare
Registering precompiled user dll's ...
Registered in 0.003476 seconds.
Begin MonoManager ReloadAssembly
Symbol file LoadedFromMemory doesn't match image D:\Unity репозиторий\Learning\Bloodshot\Library\PackageCache\com.unity.visualscripting@1.8.0\Editor\VisualScripting.Core\Dependencies\YamlDotNet\Unity.VisualScripting.YamlDotNet.dll
Symbol file LoadedFromMemory doesn't match image D:\Unity репозиторий\Learning\Bloodshot\Library\PackageCache\com.unity.visualscripting@1.8.0\Editor\VisualScripting.Core\Dependencies\DotNetZip\Unity.VisualScripting.IonicZip.dll
Native extension for WindowsStandalone target not found
Native extension for WebGL target not found
Refreshing native plugins compatible for Editor in 0.57 ms, found 4 plugins.
Preloading 0 native plugins for Editor in 0.00 ms.
Mono: successfully reloaded assembly
- Completed reload, in  0.750 seconds
Domain Reload Profiling:
	ReloadAssembly (751ms)
		BeginReloadAssembly (104ms)
			ExecutionOrderSort (0ms)
			DisableScriptedObjects (6ms)
			BackupInstance (0ms)
			ReleaseScriptingObjects (0ms)
			CreateAndSetChildDomain (29ms)
		EndReloadAssembly (575ms)
			LoadAssemblies (63ms)
			RebuildTransferFunctionScriptingTraits (0ms)
			SetupTypeCache (175ms)
			ReleaseScriptCaches (1ms)
			RebuildScriptCaches (39ms)
			SetupLoadedEditorAssemblies (268ms)
				LogAssemblyErrors (0ms)
				InitializePlatformSupportModulesInManaged (4ms)
				SetLoadedEditorAssemblies (0ms)
				RefreshPlugins (1ms)
				BeforeProcessingInitializeOnLoad (53ms)
				ProcessInitializeOnLoadAttributes (175ms)
				ProcessInitializeOnLoadMethodAttributes (32ms)
				AfterProcessingInitializeOnLoad (3ms)
				EditorAssembliesLoaded (0ms)
			ExecutionOrderSort2 (0ms)
			AwakeInstancesAfterBackupRestoration (5ms)
Platform modules already initialized, skipping
Refreshing native plugins compatible for Editor in 1.47 ms, found 4 plugins.
Preloading 0 native plugins for Editor in 0.00 ms.
Unloading 3978 Unused Serialized files (Serialized files now loaded: 0)
Unloading 23 unused Assets / (96.3 KB). Loaded Objects now: 4485.
Memory consumption went from 155.3 MB to 155.2 MB.
Total: 2.279300 ms (FindLiveObjects: 0.203900 ms CreateObjectMapping: 0.086700 ms MarkObjects: 1.962400 ms  DeleteObjects: 0.025600 ms)

AssetImportParameters requested are different than current active one (requested -> active):
  custom:video-decoder-ogg-theora: a1e56fd34408186e4bbccfd4996cb3dc -> 
  custom:container-muxer-webm: aa71ff27fc2769a1b78a27578f13a17b -> 
  custom:container-demuxer-webm: 4f35f7cbe854078d1ac9338744f61a02 -> 
  custom:video-encoder-webm-vp8: eb34c28f22e8b96e1ab97ce403110664 -> 
  custom:audio-encoder-webm-vorbis: bf7c407c2cedff20999df2af8eb42d56 -> 
  custom:framework-win-MediaFoundation: 216162199b28c13a410421893ffa2e32 -> 
  custom:container-demuxer-ogg: 62fdf1f143b41e24485cea50d1cbac27 -> 
  custom:video-decoder-webm-vp8: 9c59270c3fd7afecdb556c50c9e8de78 -> 
  custom:audio-decoder-ogg-vorbis: bf7c407c2cedff20999df2af8eb42d56 -> 
Editor requested this worker to shutdown with reason: Scaling down because of idle timeout
AssetImportWorker is now disconnected from the server
Process exiting
Exiting without the bug reporter. Application will terminate with return code 0